<?xml version="1.0" encoding="UTF-8"?>
<testsuites name="New Test Suite (01)" time="247.749" tests="25" failures="0" errors="0">
   <testsuite name="New Test Suite (01)" tests="25" failures="0" errors="0" time="247.749" skipped="0" timestamp="13-03-2025T21:19:28" hostname="pebinurhakim - localhost" id="Test Suites/New Test Suite (01)">
      <properties>
         <property name="deviceName" value=""/>
         <property name="devicePlatform"/>
         <property name="logFolder" value="/Users/pebinurhakim/Documents/Katalon-_Test/Reports/20250313_211926/New Test Suite (01)/20250313_211926"/>
         <property name="logFiles" value="/Users/pebinurhakim/Documents/Katalon-_Test/Reports/20250313_211926/New Test Suite (01)/20250313_211926/execution0.log"/>
         <property name="attachments" value=""/>
         <property name="hostName" value="pebinurhakim - localhost"/>
         <property name="os" value="Mac OS X 64bit"/>
         <property name="katalonVersion" value="10.1.1.0"/>
         <property name="browser" value="Chrome 134.0.6998.89"/>
         <property name="hostAddress" value="127.0.0.1"/>
         <property name="sessionId" value="0be518aae7db42f8ed0a3a841442a13b"/>
         <property name="seleniumVersion" value="4.22.0"/>
         <property name="proxyInformation" value="ProxyInformation { proxyOption=NO_PROXY, proxyServerType=HTTP, username=, password=********, proxyServerAddress=, proxyServerPort=0, executionList=&quot;&quot;, isApplyToDesiredCapabilities=true }"/>
         <property name="platform" value="Mac OS X"/>
      </properties>
      <testcase name="Test Cases/Nasabah/Login/Login" time="15.539" classname="Test Cases/Nasabah/Login/Login" status="PASSED">
         <properties>
            <property name="data_binding"><![CDATA[{"(Default) corpI...":"MULTIE1","(Default) passw...":"Johndev1!!","(Default) userI...":"Admin1","(Default) url":"https://balebisnis.btn.co.id/login"}]]></property>
         </properties>
         <system-out><![CDATA[13-03-2025T21:19:28 - [TEST_CASE][PASSED] - Test Cases/Nasabah/Login/Login: Test Cases/Nasabah/Login/Login

13-03-2025T21:19:29 - [TEST_STEP][PASSED] - openBrowser(""): Browser is opened with url: ''

13-03-2025T21:19:29 - [MESSAGE][INFO] - Starting 'Chrome' driver

13-03-2025T21:19:29 - [MESSAGE][INFO] - Action delay is set to 0 milliseconds

13-03-2025T21:19:34 - [MESSAGE][PASSED] - Browser is opened with url: ''

13-03-2025T21:19:34 - [TEST_STEP][PASSED] - navigateToUrl(url): Navigate to 'https://balebisnis.btn.co.id/login' successfully

13-03-2025T21:19:36 - [MESSAGE][PASSED] - Navigate to 'https://balebisnis.btn.co.id/login' successfully

13-03-2025T21:19:36 - [TEST_STEP][PASSED] - maximizeWindow(): Current window maximized

13-03-2025T21:19:36 - [MESSAGE][PASSED] - Current window maximized

13-03-2025T21:19:36 - [TEST_STEP][PASSED] - setText(findTestObject("IBB Nasabah/Login/fld_corpId"), corpId): Text 'MULTIE1' is set on object 'Object Repository/IBB Nasabah/Login/fld_corpId'

13-03-2025T21:19:37 - [MESSAGE][PASSED] - Text 'MULTIE1' is set on object 'Object Repository/IBB Nasabah/Login/fld_corpId'

13-03-2025T21:19:37 - [TEST_STEP][PASSED] - setText(findTestObject("IBB Nasabah/Login/fld_userId"), userId): Text 'Admin1' is set on object 'Object Repository/IBB Nasabah/Login/fld_userId'

13-03-2025T21:19:37 - [MESSAGE][PASSED] - Text 'Admin1' is set on object 'Object Repository/IBB Nasabah/Login/fld_userId'

13-03-2025T21:19:37 - [TEST_STEP][PASSED] - setText(findTestObject("IBB Nasabah/Login/fld_password"), password): Text 'Johndev1!!' is set on object 'Object Repository/IBB Nasabah/Login/fld_password'

13-03-2025T21:19:38 - [MESSAGE][PASSED] - Text 'Johndev1!!' is set on object 'Object Repository/IBB Nasabah/Login/fld_password'

13-03-2025T21:19:38 - [TEST_STEP][PASSED] - click(findTestObject("IBB Nasabah/Login/btn_login")): Object: 'Object Repository/IBB Nasabah/Login/btn_login' is clicked on

13-03-2025T21:19:38 - [MESSAGE][PASSED] - Object: 'Object Repository/IBB Nasabah/Login/btn_login' is clicked on

13-03-2025T21:19:38 - [TEST_STEP][PASSED] - callTestCase(findTestCase("Nasabah/Logout/Logout"), [:], STOP_ON_FAILURE): Call Test Case 'Test Cases/Nasabah/Logout/Logout' successfully

13-03-2025T21:19:39 - [TEST_CASE][PASSED] - Test Cases/Nasabah/Logout/Logout: Test Cases/Nasabah/Logout/Logout

13-03-2025T21:19:39 - [TEST_STEP][PASSED] - mouseOver(findTestObject("IBB Nasabah/Payroll/Logout/icn_profile")): Object: 'Object Repository/IBB Nasabah/Payroll/Logout/icn_profile' is hovered

13-03-2025T21:19:42 - [MESSAGE][PASSED] - Object: 'Object Repository/IBB Nasabah/Payroll/Logout/icn_profile' is hovered

13-03-2025T21:19:42 - [TEST_STEP][PASSED] - delay(1): Delayed 1 second(s)

13-03-2025T21:19:43 - [MESSAGE][PASSED] - Delayed 1 second(s)

13-03-2025T21:19:43 - [TEST_STEP][PASSED] - waitForElementClickable(findTestObject("IBB Nasabah/Payroll/Logout/btn_logout"), 15): Object 'Object Repository/IBB Nasabah/Payroll/Logout/btn_logout' is clickable

13-03-2025T21:19:43 - [MESSAGE][PASSED] - Object 'Object Repository/IBB Nasabah/Payroll/Logout/btn_logout' is clickable

13-03-2025T21:19:43 - [TEST_STEP][PASSED] - click(findTestObject("IBB Nasabah/Payroll/Logout/btn_logout")): Object: 'Object Repository/IBB Nasabah/Payroll/Logout/btn_logout' is clicked on

13-03-2025T21:19:43 - [MESSAGE][PASSED] - Object: 'Object Repository/IBB Nasabah/Payroll/Logout/btn_logout' is clicked on

13-03-2025T21:19:43 - [TEST_STEP][PASSED] - click(findTestObject("IBB Nasabah/Payroll/Logout/btn_yes")): Object: 'Object Repository/IBB Nasabah/Payroll/Logout/btn_yes' is clicked on

13-03-2025T21:19:44 - [MESSAGE][PASSED] - Object: 'Object Repository/IBB Nasabah/Payroll/Logout/btn_yes' is clicked on

13-03-2025T21:19:44 - [MESSAGE][PASSED] - Call Test Case 'Test Cases/Nasabah/Logout/Logout' successfully]]></system-out>
         <system-err><![CDATA[]]></system-err>
      </testcase>
      <testcase name="Test Cases/Nasabah/Login/Login" time="10.335" classname="Test Cases/Nasabah/Login/Login" status="PASSED">
         <properties>
            <property name="data_binding"><![CDATA[{"(Default) corpI...":"MULTIE1","(Default) passw...":"Johndev1!!","(Default) userI...":"Admin1","(Default) url":"https://balebisnis.btn.co.id/login"}]]></property>
         </properties>
         <system-out><![CDATA[13-03-2025T21:19:44 - [TEST_CASE][PASSED] - Test Cases/Nasabah/Login/Login: Test Cases/Nasabah/Login/Login

13-03-2025T21:19:44 - [TEST_STEP][PASSED] - openBrowser(""): Browser is opened with url: ''

13-03-2025T21:19:44 - [MESSAGE][WARNING] - A browser is already opened. Closing browser and opening a new one

13-03-2025T21:19:44 - [MESSAGE][INFO] - Starting 'Chrome' driver

13-03-2025T21:19:44 - [MESSAGE][INFO] - Action delay is set to 0 milliseconds

13-03-2025T21:19:45 - [MESSAGE][PASSED] - Browser is opened with url: ''

13-03-2025T21:19:45 - [TEST_STEP][PASSED] - navigateToUrl(url): Navigate to 'https://balebisnis.btn.co.id/login' successfully

13-03-2025T21:19:47 - [MESSAGE][PASSED] - Navigate to 'https://balebisnis.btn.co.id/login' successfully

13-03-2025T21:19:47 - [TEST_STEP][PASSED] - maximizeWindow(): Current window maximized

13-03-2025T21:19:48 - [MESSAGE][PASSED] - Current window maximized

13-03-2025T21:19:48 - [TEST_STEP][PASSED] - setText(findTestObject("IBB Nasabah/Login/fld_corpId"), corpId): Text 'MULTIE1' is set on object 'Object Repository/IBB Nasabah/Login/fld_corpId'

13-03-2025T21:19:49 - [MESSAGE][PASSED] - Text 'MULTIE1' is set on object 'Object Repository/IBB Nasabah/Login/fld_corpId'

13-03-2025T21:19:49 - [TEST_STEP][PASSED] - setText(findTestObject("IBB Nasabah/Login/fld_userId"), userId): Text 'Admin1' is set on object 'Object Repository/IBB Nasabah/Login/fld_userId'

13-03-2025T21:19:49 - [MESSAGE][PASSED] - Text 'Admin1' is set on object 'Object Repository/IBB Nasabah/Login/fld_userId'

13-03-2025T21:19:49 - [TEST_STEP][PASSED] - setText(findTestObject("IBB Nasabah/Login/fld_password"), password): Text 'Johndev1!!' is set on object 'Object Repository/IBB Nasabah/Login/fld_password'

13-03-2025T21:19:50 - [MESSAGE][PASSED] - Text 'Johndev1!!' is set on object 'Object Repository/IBB Nasabah/Login/fld_password'

13-03-2025T21:19:50 - [TEST_STEP][PASSED] - click(findTestObject("IBB Nasabah/Login/btn_login")): Object: 'Object Repository/IBB Nasabah/Login/btn_login' is clicked on

13-03-2025T21:19:50 - [MESSAGE][PASSED] - Object: 'Object Repository/IBB Nasabah/Login/btn_login' is clicked on

13-03-2025T21:19:50 - [TEST_STEP][PASSED] - callTestCase(findTestCase("Nasabah/Logout/Logout"), [:], STOP_ON_FAILURE): Call Test Case 'Test Cases/Nasabah/Logout/Logout' successfully

13-03-2025T21:19:50 - [TEST_CASE][PASSED] - Test Cases/Nasabah/Logout/Logout: Test Cases/Nasabah/Logout/Logout

13-03-2025T21:19:50 - [TEST_STEP][PASSED] - mouseOver(findTestObject("IBB Nasabah/Payroll/Logout/icn_profile")): Object: 'Object Repository/IBB Nasabah/Payroll/Logout/icn_profile' is hovered

13-03-2025T21:19:52 - [MESSAGE][PASSED] - Object: 'Object Repository/IBB Nasabah/Payroll/Logout/icn_profile' is hovered

13-03-2025T21:19:52 - [TEST_STEP][PASSED] - delay(1): Delayed 1 second(s)

13-03-2025T21:19:53 - [MESSAGE][PASSED] - Delayed 1 second(s)

13-03-2025T21:19:53 - [TEST_STEP][PASSED] - waitForElementClickable(findTestObject("IBB Nasabah/Payroll/Logout/btn_logout"), 15): Object 'Object Repository/IBB Nasabah/Payroll/Logout/btn_logout' is clickable

13-03-2025T21:19:53 - [MESSAGE][PASSED] - Object 'Object Repository/IBB Nasabah/Payroll/Logout/btn_logout' is clickable

13-03-2025T21:19:53 - [TEST_STEP][PASSED] - click(findTestObject("IBB Nasabah/Payroll/Logout/btn_logout")): Object: 'Object Repository/IBB Nasabah/Payroll/Logout/btn_logout' is clicked on

13-03-2025T21:19:54 - [MESSAGE][PASSED] - Object: 'Object Repository/IBB Nasabah/Payroll/Logout/btn_logout' is clicked on

13-03-2025T21:19:54 - [TEST_STEP][PASSED] - click(findTestObject("IBB Nasabah/Payroll/Logout/btn_yes")): Object: 'Object Repository/IBB Nasabah/Payroll/Logout/btn_yes' is clicked on

13-03-2025T21:19:54 - [MESSAGE][PASSED] - Object: 'Object Repository/IBB Nasabah/Payroll/Logout/btn_yes' is clicked on

13-03-2025T21:19:54 - [MESSAGE][PASSED] - Call Test Case 'Test Cases/Nasabah/Logout/Logout' successfully]]></system-out>
         <system-err><![CDATA[]]></system-err>
      </testcase>
      <testcase name="Test Cases/Nasabah/Login/Login" time="9.603" classname="Test Cases/Nasabah/Login/Login" status="PASSED">
         <properties>
            <property name="data_binding"><![CDATA[{"(Default) corpI...":"MULTIE1","(Default) passw...":"Johndev1!!","(Default) userI...":"Admin1","(Default) url":"https://balebisnis.btn.co.id/login"}]]></property>
         </properties>
         <system-out><![CDATA[13-03-2025T21:19:54 - [TEST_CASE][PASSED] - Test Cases/Nasabah/Login/Login: Test Cases/Nasabah/Login/Login

13-03-2025T21:19:54 - [TEST_STEP][PASSED] - openBrowser(""): Browser is opened with url: ''

13-03-2025T21:19:54 - [MESSAGE][WARNING] - A browser is already opened. Closing browser and opening a new one

13-03-2025T21:19:54 - [MESSAGE][INFO] - Starting 'Chrome' driver

13-03-2025T21:19:54 - [MESSAGE][INFO] - Action delay is set to 0 milliseconds

13-03-2025T21:19:55 - [MESSAGE][PASSED] - Browser is opened with url: ''

13-03-2025T21:19:55 - [TEST_STEP][PASSED] - navigateToUrl(url): Navigate to 'https://balebisnis.btn.co.id/login' successfully

13-03-2025T21:19:57 - [MESSAGE][PASSED] - Navigate to 'https://balebisnis.btn.co.id/login' successfully

13-03-2025T21:19:57 - [TEST_STEP][PASSED] - maximizeWindow(): Current window maximized

13-03-2025T21:19:57 - [MESSAGE][PASSED] - Current window maximized

13-03-2025T21:19:57 - [TEST_STEP][PASSED] - setText(findTestObject("IBB Nasabah/Login/fld_corpId"), corpId): Text 'MULTIE1' is set on object 'Object Repository/IBB Nasabah/Login/fld_corpId'

13-03-2025T21:19:58 - [MESSAGE][PASSED] - Text 'MULTIE1' is set on object 'Object Repository/IBB Nasabah/Login/fld_corpId'

13-03-2025T21:19:58 - [TEST_STEP][PASSED] - setText(findTestObject("IBB Nasabah/Login/fld_userId"), userId): Text 'Admin1' is set on object 'Object Repository/IBB Nasabah/Login/fld_userId'

13-03-2025T21:19:59 - [MESSAGE][PASSED] - Text 'Admin1' is set on object 'Object Repository/IBB Nasabah/Login/fld_userId'

13-03-2025T21:19:59 - [TEST_STEP][PASSED] - setText(findTestObject("IBB Nasabah/Login/fld_password"), password): Text 'Johndev1!!' is set on object 'Object Repository/IBB Nasabah/Login/fld_password'

13-03-2025T21:19:59 - [MESSAGE][PASSED] - Text 'Johndev1!!' is set on object 'Object Repository/IBB Nasabah/Login/fld_password'

13-03-2025T21:19:59 - [TEST_STEP][PASSED] - click(findTestObject("IBB Nasabah/Login/btn_login")): Object: 'Object Repository/IBB Nasabah/Login/btn_login' is clicked on

13-03-2025T21:19:59 - [MESSAGE][PASSED] - Object: 'Object Repository/IBB Nasabah/Login/btn_login' is clicked on

13-03-2025T21:19:59 - [TEST_STEP][PASSED] - callTestCase(findTestCase("Nasabah/Logout/Logout"), [:], STOP_ON_FAILURE): Call Test Case 'Test Cases/Nasabah/Logout/Logout' successfully

13-03-2025T21:19:59 - [TEST_CASE][PASSED] - Test Cases/Nasabah/Logout/Logout: Test Cases/Nasabah/Logout/Logout

13-03-2025T21:20:00 - [TEST_STEP][PASSED] - mouseOver(findTestObject("IBB Nasabah/Payroll/Logout/icn_profile")): Object: 'Object Repository/IBB Nasabah/Payroll/Logout/icn_profile' is hovered

13-03-2025T21:20:02 - [MESSAGE][PASSED] - Object: 'Object Repository/IBB Nasabah/Payroll/Logout/icn_profile' is hovered

13-03-2025T21:20:02 - [TEST_STEP][PASSED] - delay(1): Delayed 1 second(s)

13-03-2025T21:20:03 - [MESSAGE][PASSED] - Delayed 1 second(s)

13-03-2025T21:20:03 - [TEST_STEP][PASSED] - waitForElementClickable(findTestObject("IBB Nasabah/Payroll/Logout/btn_logout"), 15): Object 'Object Repository/IBB Nasabah/Payroll/Logout/btn_logout' is clickable

13-03-2025T21:20:03 - [MESSAGE][PASSED] - Object 'Object Repository/IBB Nasabah/Payroll/Logout/btn_logout' is clickable

13-03-2025T21:20:03 - [TEST_STEP][PASSED] - click(findTestObject("IBB Nasabah/Payroll/Logout/btn_logout")): Object: 'Object Repository/IBB Nasabah/Payroll/Logout/btn_logout' is clicked on

13-03-2025T21:20:03 - [MESSAGE][PASSED] - Object: 'Object Repository/IBB Nasabah/Payroll/Logout/btn_logout' is clicked on

13-03-2025T21:20:03 - [TEST_STEP][PASSED] - click(findTestObject("IBB Nasabah/Payroll/Logout/btn_yes")): Object: 'Object Repository/IBB Nasabah/Payroll/Logout/btn_yes' is clicked on

13-03-2025T21:20:04 - [MESSAGE][PASSED] - Object: 'Object Repository/IBB Nasabah/Payroll/Logout/btn_yes' is clicked on

13-03-2025T21:20:04 - [MESSAGE][PASSED] - Call Test Case 'Test Cases/Nasabah/Logout/Logout' successfully]]></system-out>
         <system-err><![CDATA[]]></system-err>
      </testcase>
      <testcase name="Test Cases/Nasabah/Login/Login" time="10.66" classname="Test Cases/Nasabah/Login/Login" status="PASSED">
         <properties>
            <property name="data_binding"><![CDATA[{"(Default) corpI...":"MULTIE1","(Default) passw...":"Johndev1!!","(Default) userI...":"Admin1","(Default) url":"https://balebisnis.btn.co.id/login"}]]></property>
         </properties>
         <system-out><![CDATA[13-03-2025T21:20:04 - [TEST_CASE][PASSED] - Test Cases/Nasabah/Login/Login: Test Cases/Nasabah/Login/Login

13-03-2025T21:20:04 - [TEST_STEP][PASSED] - openBrowser(""): Browser is opened with url: ''

13-03-2025T21:20:04 - [MESSAGE][WARNING] - A browser is already opened. Closing browser and opening a new one

13-03-2025T21:20:04 - [MESSAGE][INFO] - Starting 'Chrome' driver

13-03-2025T21:20:04 - [MESSAGE][INFO] - Action delay is set to 0 milliseconds

13-03-2025T21:20:05 - [MESSAGE][PASSED] - Browser is opened with url: ''

13-03-2025T21:20:05 - [TEST_STEP][PASSED] - navigateToUrl(url): Navigate to 'https://balebisnis.btn.co.id/login' successfully

13-03-2025T21:20:06 - [MESSAGE][PASSED] - Navigate to 'https://balebisnis.btn.co.id/login' successfully

13-03-2025T21:20:06 - [TEST_STEP][PASSED] - maximizeWindow(): Current window maximized

13-03-2025T21:20:07 - [MESSAGE][PASSED] - Current window maximized

13-03-2025T21:20:07 - [TEST_STEP][PASSED] - setText(findTestObject("IBB Nasabah/Login/fld_corpId"), corpId): Text 'MULTIE1' is set on object 'Object Repository/IBB Nasabah/Login/fld_corpId'

13-03-2025T21:20:08 - [MESSAGE][PASSED] - Text 'MULTIE1' is set on object 'Object Repository/IBB Nasabah/Login/fld_corpId'

13-03-2025T21:20:08 - [TEST_STEP][PASSED] - setText(findTestObject("IBB Nasabah/Login/fld_userId"), userId): Text 'Admin1' is set on object 'Object Repository/IBB Nasabah/Login/fld_userId'

13-03-2025T21:20:08 - [MESSAGE][PASSED] - Text 'Admin1' is set on object 'Object Repository/IBB Nasabah/Login/fld_userId'

13-03-2025T21:20:08 - [TEST_STEP][PASSED] - setText(findTestObject("IBB Nasabah/Login/fld_password"), password): Text 'Johndev1!!' is set on object 'Object Repository/IBB Nasabah/Login/fld_password'

13-03-2025T21:20:09 - [MESSAGE][PASSED] - Text 'Johndev1!!' is set on object 'Object Repository/IBB Nasabah/Login/fld_password'

13-03-2025T21:20:09 - [TEST_STEP][PASSED] - click(findTestObject("IBB Nasabah/Login/btn_login")): Object: 'Object Repository/IBB Nasabah/Login/btn_login' is clicked on

13-03-2025T21:20:09 - [MESSAGE][PASSED] - Object: 'Object Repository/IBB Nasabah/Login/btn_login' is clicked on

13-03-2025T21:20:09 - [TEST_STEP][PASSED] - callTestCase(findTestCase("Nasabah/Logout/Logout"), [:], STOP_ON_FAILURE): Call Test Case 'Test Cases/Nasabah/Logout/Logout' successfully

13-03-2025T21:20:09 - [TEST_CASE][PASSED] - Test Cases/Nasabah/Logout/Logout: Test Cases/Nasabah/Logout/Logout

13-03-2025T21:20:09 - [TEST_STEP][PASSED] - mouseOver(findTestObject("IBB Nasabah/Payroll/Logout/icn_profile")): Object: 'Object Repository/IBB Nasabah/Payroll/Logout/icn_profile' is hovered

13-03-2025T21:20:12 - [MESSAGE][PASSED] - Object: 'Object Repository/IBB Nasabah/Payroll/Logout/icn_profile' is hovered

13-03-2025T21:20:12 - [TEST_STEP][PASSED] - delay(1): Delayed 1 second(s)

13-03-2025T21:20:13 - [MESSAGE][PASSED] - Delayed 1 second(s)

13-03-2025T21:20:13 - [TEST_STEP][PASSED] - waitForElementClickable(findTestObject("IBB Nasabah/Payroll/Logout/btn_logout"), 15): Object 'Object Repository/IBB Nasabah/Payroll/Logout/btn_logout' is clickable

13-03-2025T21:20:14 - [MESSAGE][PASSED] - Object 'Object Repository/IBB Nasabah/Payroll/Logout/btn_logout' is clickable

13-03-2025T21:20:14 - [TEST_STEP][PASSED] - click(findTestObject("IBB Nasabah/Payroll/Logout/btn_logout")): Object: 'Object Repository/IBB Nasabah/Payroll/Logout/btn_logout' is clicked on

13-03-2025T21:20:14 - [MESSAGE][PASSED] - Object: 'Object Repository/IBB Nasabah/Payroll/Logout/btn_logout' is clicked on

13-03-2025T21:20:14 - [TEST_STEP][PASSED] - click(findTestObject("IBB Nasabah/Payroll/Logout/btn_yes")): Object: 'Object Repository/IBB Nasabah/Payroll/Logout/btn_yes' is clicked on

13-03-2025T21:20:14 - [MESSAGE][PASSED] - Object: 'Object Repository/IBB Nasabah/Payroll/Logout/btn_yes' is clicked on

13-03-2025T21:20:14 - [MESSAGE][PASSED] - Call Test Case 'Test Cases/Nasabah/Logout/Logout' successfully]]></system-out>
         <system-err><![CDATA[]]></system-err>
      </testcase>
      <testcase name="Test Cases/Nasabah/Login/Login" time="9.834" classname="Test Cases/Nasabah/Login/Login" status="PASSED">
         <properties>
            <property name="data_binding"><![CDATA[{"(Default) corpI...":"MULTIE1","(Default) passw...":"Johndev1!!","(Default) userI...":"Admin1","(Default) url":"https://balebisnis.btn.co.id/login"}]]></property>
         </properties>
         <system-out><![CDATA[13-03-2025T21:20:14 - [TEST_CASE][PASSED] - Test Cases/Nasabah/Login/Login: Test Cases/Nasabah/Login/Login

13-03-2025T21:20:14 - [TEST_STEP][PASSED] - openBrowser(""): Browser is opened with url: ''

13-03-2025T21:20:14 - [MESSAGE][WARNING] - A browser is already opened. Closing browser and opening a new one

13-03-2025T21:20:14 - [MESSAGE][INFO] - Starting 'Chrome' driver

13-03-2025T21:20:14 - [MESSAGE][INFO] - Action delay is set to 0 milliseconds

13-03-2025T21:20:16 - [MESSAGE][PASSED] - Browser is opened with url: ''

13-03-2025T21:20:16 - [TEST_STEP][PASSED] - navigateToUrl(url): Navigate to 'https://balebisnis.btn.co.id/login' successfully

13-03-2025T21:20:17 - [MESSAGE][PASSED] - Navigate to 'https://balebisnis.btn.co.id/login' successfully

13-03-2025T21:20:17 - [TEST_STEP][PASSED] - maximizeWindow(): Current window maximized

13-03-2025T21:20:18 - [MESSAGE][PASSED] - Current window maximized

13-03-2025T21:20:18 - [TEST_STEP][PASSED] - setText(findTestObject("IBB Nasabah/Login/fld_corpId"), corpId): Text 'MULTIE1' is set on object 'Object Repository/IBB Nasabah/Login/fld_corpId'

13-03-2025T21:20:19 - [MESSAGE][PASSED] - Text 'MULTIE1' is set on object 'Object Repository/IBB Nasabah/Login/fld_corpId'

13-03-2025T21:20:19 - [TEST_STEP][PASSED] - setText(findTestObject("IBB Nasabah/Login/fld_userId"), userId): Text 'Admin1' is set on object 'Object Repository/IBB Nasabah/Login/fld_userId'

13-03-2025T21:20:19 - [MESSAGE][PASSED] - Text 'Admin1' is set on object 'Object Repository/IBB Nasabah/Login/fld_userId'

13-03-2025T21:20:19 - [TEST_STEP][PASSED] - setText(findTestObject("IBB Nasabah/Login/fld_password"), password): Text 'Johndev1!!' is set on object 'Object Repository/IBB Nasabah/Login/fld_password'

13-03-2025T21:20:20 - [MESSAGE][PASSED] - Text 'Johndev1!!' is set on object 'Object Repository/IBB Nasabah/Login/fld_password'

13-03-2025T21:20:20 - [TEST_STEP][PASSED] - click(findTestObject("IBB Nasabah/Login/btn_login")): Object: 'Object Repository/IBB Nasabah/Login/btn_login' is clicked on

13-03-2025T21:20:20 - [MESSAGE][PASSED] - Object: 'Object Repository/IBB Nasabah/Login/btn_login' is clicked on

13-03-2025T21:20:20 - [TEST_STEP][PASSED] - callTestCase(findTestCase("Nasabah/Logout/Logout"), [:], STOP_ON_FAILURE): Call Test Case 'Test Cases/Nasabah/Logout/Logout' successfully

13-03-2025T21:20:20 - [TEST_CASE][PASSED] - Test Cases/Nasabah/Logout/Logout: Test Cases/Nasabah/Logout/Logout

13-03-2025T21:20:20 - [TEST_STEP][PASSED] - mouseOver(findTestObject("IBB Nasabah/Payroll/Logout/icn_profile")): Object: 'Object Repository/IBB Nasabah/Payroll/Logout/icn_profile' is hovered

13-03-2025T21:20:22 - [MESSAGE][PASSED] - Object: 'Object Repository/IBB Nasabah/Payroll/Logout/icn_profile' is hovered

13-03-2025T21:20:22 - [TEST_STEP][PASSED] - delay(1): Delayed 1 second(s)

13-03-2025T21:20:23 - [MESSAGE][PASSED] - Delayed 1 second(s)

13-03-2025T21:20:23 - [TEST_STEP][PASSED] - waitForElementClickable(findTestObject("IBB Nasabah/Payroll/Logout/btn_logout"), 15): Object 'Object Repository/IBB Nasabah/Payroll/Logout/btn_logout' is clickable

13-03-2025T21:20:23 - [MESSAGE][PASSED] - Object 'Object Repository/IBB Nasabah/Payroll/Logout/btn_logout' is clickable

13-03-2025T21:20:23 - [TEST_STEP][PASSED] - click(findTestObject("IBB Nasabah/Payroll/Logout/btn_logout")): Object: 'Object Repository/IBB Nasabah/Payroll/Logout/btn_logout' is clicked on

13-03-2025T21:20:24 - [MESSAGE][PASSED] - Object: 'Object Repository/IBB Nasabah/Payroll/Logout/btn_logout' is clicked on

13-03-2025T21:20:24 - [TEST_STEP][PASSED] - click(findTestObject("IBB Nasabah/Payroll/Logout/btn_yes")): Object: 'Object Repository/IBB Nasabah/Payroll/Logout/btn_yes' is clicked on

13-03-2025T21:20:24 - [MESSAGE][PASSED] - Object: 'Object Repository/IBB Nasabah/Payroll/Logout/btn_yes' is clicked on

13-03-2025T21:20:24 - [MESSAGE][PASSED] - Call Test Case 'Test Cases/Nasabah/Logout/Logout' successfully]]></system-out>
         <system-err><![CDATA[]]></system-err>
      </testcase>
      <testcase name="Test Cases/Nasabah/Login/Login" time="9.399" classname="Test Cases/Nasabah/Login/Login" status="PASSED">
         <properties>
            <property name="data_binding"><![CDATA[{"(Default) corpI...":"MULTIE1","(Default) passw...":"Johndev1!!","(Default) userI...":"Admin1","(Default) url":"https://balebisnis.btn.co.id/login"}]]></property>
         </properties>
         <system-out><![CDATA[13-03-2025T21:20:24 - [TEST_CASE][PASSED] - Test Cases/Nasabah/Login/Login: Test Cases/Nasabah/Login/Login

13-03-2025T21:20:24 - [TEST_STEP][PASSED] - openBrowser(""): Browser is opened with url: ''

13-03-2025T21:20:24 - [MESSAGE][WARNING] - A browser is already opened. Closing browser and opening a new one

13-03-2025T21:20:24 - [MESSAGE][INFO] - Starting 'Chrome' driver

13-03-2025T21:20:24 - [MESSAGE][INFO] - Action delay is set to 0 milliseconds

13-03-2025T21:20:26 - [MESSAGE][PASSED] - Browser is opened with url: ''

13-03-2025T21:20:26 - [TEST_STEP][PASSED] - navigateToUrl(url): Navigate to 'https://balebisnis.btn.co.id/login' successfully

13-03-2025T21:20:27 - [MESSAGE][PASSED] - Navigate to 'https://balebisnis.btn.co.id/login' successfully

13-03-2025T21:20:27 - [TEST_STEP][PASSED] - maximizeWindow(): Current window maximized

13-03-2025T21:20:27 - [MESSAGE][PASSED] - Current window maximized

13-03-2025T21:20:27 - [TEST_STEP][PASSED] - setText(findTestObject("IBB Nasabah/Login/fld_corpId"), corpId): Text 'MULTIE1' is set on object 'Object Repository/IBB Nasabah/Login/fld_corpId'

13-03-2025T21:20:28 - [MESSAGE][PASSED] - Text 'MULTIE1' is set on object 'Object Repository/IBB Nasabah/Login/fld_corpId'

13-03-2025T21:20:28 - [TEST_STEP][PASSED] - setText(findTestObject("IBB Nasabah/Login/fld_userId"), userId): Text 'Admin1' is set on object 'Object Repository/IBB Nasabah/Login/fld_userId'

13-03-2025T21:20:29 - [MESSAGE][PASSED] - Text 'Admin1' is set on object 'Object Repository/IBB Nasabah/Login/fld_userId'

13-03-2025T21:20:29 - [TEST_STEP][PASSED] - setText(findTestObject("IBB Nasabah/Login/fld_password"), password): Text 'Johndev1!!' is set on object 'Object Repository/IBB Nasabah/Login/fld_password'

13-03-2025T21:20:29 - [MESSAGE][PASSED] - Text 'Johndev1!!' is set on object 'Object Repository/IBB Nasabah/Login/fld_password'

13-03-2025T21:20:29 - [TEST_STEP][PASSED] - click(findTestObject("IBB Nasabah/Login/btn_login")): Object: 'Object Repository/IBB Nasabah/Login/btn_login' is clicked on

13-03-2025T21:20:29 - [MESSAGE][PASSED] - Object: 'Object Repository/IBB Nasabah/Login/btn_login' is clicked on

13-03-2025T21:20:29 - [TEST_STEP][PASSED] - callTestCase(findTestCase("Nasabah/Logout/Logout"), [:], STOP_ON_FAILURE): Call Test Case 'Test Cases/Nasabah/Logout/Logout' successfully

13-03-2025T21:20:29 - [TEST_CASE][PASSED] - Test Cases/Nasabah/Logout/Logout: Test Cases/Nasabah/Logout/Logout

13-03-2025T21:20:29 - [TEST_STEP][PASSED] - mouseOver(findTestObject("IBB Nasabah/Payroll/Logout/icn_profile")): Object: 'Object Repository/IBB Nasabah/Payroll/Logout/icn_profile' is hovered

13-03-2025T21:20:31 - [MESSAGE][PASSED] - Object: 'Object Repository/IBB Nasabah/Payroll/Logout/icn_profile' is hovered

13-03-2025T21:20:31 - [TEST_STEP][PASSED] - delay(1): Delayed 1 second(s)

13-03-2025T21:20:32 - [MESSAGE][PASSED] - Delayed 1 second(s)

13-03-2025T21:20:32 - [TEST_STEP][PASSED] - waitForElementClickable(findTestObject("IBB Nasabah/Payroll/Logout/btn_logout"), 15): Object 'Object Repository/IBB Nasabah/Payroll/Logout/btn_logout' is clickable

13-03-2025T21:20:33 - [MESSAGE][PASSED] - Object 'Object Repository/IBB Nasabah/Payroll/Logout/btn_logout' is clickable

13-03-2025T21:20:33 - [TEST_STEP][PASSED] - click(findTestObject("IBB Nasabah/Payroll/Logout/btn_logout")): Object: 'Object Repository/IBB Nasabah/Payroll/Logout/btn_logout' is clicked on

13-03-2025T21:20:33 - [MESSAGE][PASSED] - Object: 'Object Repository/IBB Nasabah/Payroll/Logout/btn_logout' is clicked on

13-03-2025T21:20:33 - [TEST_STEP][PASSED] - click(findTestObject("IBB Nasabah/Payroll/Logout/btn_yes")): Object: 'Object Repository/IBB Nasabah/Payroll/Logout/btn_yes' is clicked on

13-03-2025T21:20:34 - [MESSAGE][PASSED] - Object: 'Object Repository/IBB Nasabah/Payroll/Logout/btn_yes' is clicked on

13-03-2025T21:20:34 - [MESSAGE][PASSED] - Call Test Case 'Test Cases/Nasabah/Logout/Logout' successfully]]></system-out>
         <system-err><![CDATA[]]></system-err>
      </testcase>
      <testcase name="Test Cases/Nasabah/Login/Login" time="9.71" classname="Test Cases/Nasabah/Login/Login" status="PASSED">
         <properties>
            <property name="data_binding"><![CDATA[{"(Default) corpI...":"MULTIE1","(Default) passw...":"Johndev1!!","(Default) userI...":"Admin1","(Default) url":"https://balebisnis.btn.co.id/login"}]]></property>
         </properties>
         <system-out><![CDATA[13-03-2025T21:20:34 - [TEST_CASE][PASSED] - Test Cases/Nasabah/Login/Login: Test Cases/Nasabah/Login/Login

13-03-2025T21:20:34 - [TEST_STEP][PASSED] - openBrowser(""): Browser is opened with url: ''

13-03-2025T21:20:34 - [MESSAGE][WARNING] - A browser is already opened. Closing browser and opening a new one

13-03-2025T21:20:34 - [MESSAGE][INFO] - Starting 'Chrome' driver

13-03-2025T21:20:34 - [MESSAGE][INFO] - Action delay is set to 0 milliseconds

13-03-2025T21:20:35 - [MESSAGE][PASSED] - Browser is opened with url: ''

13-03-2025T21:20:35 - [TEST_STEP][PASSED] - navigateToUrl(url): Navigate to 'https://balebisnis.btn.co.id/login' successfully

13-03-2025T21:20:37 - [MESSAGE][PASSED] - Navigate to 'https://balebisnis.btn.co.id/login' successfully

13-03-2025T21:20:37 - [TEST_STEP][PASSED] - maximizeWindow(): Current window maximized

13-03-2025T21:20:37 - [MESSAGE][PASSED] - Current window maximized

13-03-2025T21:20:37 - [TEST_STEP][PASSED] - setText(findTestObject("IBB Nasabah/Login/fld_corpId"), corpId): Text 'MULTIE1' is set on object 'Object Repository/IBB Nasabah/Login/fld_corpId'

13-03-2025T21:20:38 - [MESSAGE][PASSED] - Text 'MULTIE1' is set on object 'Object Repository/IBB Nasabah/Login/fld_corpId'

13-03-2025T21:20:38 - [TEST_STEP][PASSED] - setText(findTestObject("IBB Nasabah/Login/fld_userId"), userId): Text 'Admin1' is set on object 'Object Repository/IBB Nasabah/Login/fld_userId'

13-03-2025T21:20:38 - [MESSAGE][PASSED] - Text 'Admin1' is set on object 'Object Repository/IBB Nasabah/Login/fld_userId'

13-03-2025T21:20:38 - [TEST_STEP][PASSED] - setText(findTestObject("IBB Nasabah/Login/fld_password"), password): Text 'Johndev1!!' is set on object 'Object Repository/IBB Nasabah/Login/fld_password'

13-03-2025T21:20:39 - [MESSAGE][PASSED] - Text 'Johndev1!!' is set on object 'Object Repository/IBB Nasabah/Login/fld_password'

13-03-2025T21:20:39 - [TEST_STEP][PASSED] - click(findTestObject("IBB Nasabah/Login/btn_login")): Object: 'Object Repository/IBB Nasabah/Login/btn_login' is clicked on

13-03-2025T21:20:39 - [MESSAGE][PASSED] - Object: 'Object Repository/IBB Nasabah/Login/btn_login' is clicked on

13-03-2025T21:20:39 - [TEST_STEP][PASSED] - callTestCase(findTestCase("Nasabah/Logout/Logout"), [:], STOP_ON_FAILURE): Call Test Case 'Test Cases/Nasabah/Logout/Logout' successfully

13-03-2025T21:20:39 - [TEST_CASE][PASSED] - Test Cases/Nasabah/Logout/Logout: Test Cases/Nasabah/Logout/Logout

13-03-2025T21:20:39 - [TEST_STEP][PASSED] - mouseOver(findTestObject("IBB Nasabah/Payroll/Logout/icn_profile")): Object: 'Object Repository/IBB Nasabah/Payroll/Logout/icn_profile' is hovered

13-03-2025T21:20:41 - [MESSAGE][PASSED] - Object: 'Object Repository/IBB Nasabah/Payroll/Logout/icn_profile' is hovered

13-03-2025T21:20:41 - [TEST_STEP][PASSED] - delay(1): Delayed 1 second(s)

13-03-2025T21:20:42 - [MESSAGE][PASSED] - Delayed 1 second(s)

13-03-2025T21:20:42 - [TEST_STEP][PASSED] - waitForElementClickable(findTestObject("IBB Nasabah/Payroll/Logout/btn_logout"), 15): Object 'Object Repository/IBB Nasabah/Payroll/Logout/btn_logout' is clickable

13-03-2025T21:20:42 - [MESSAGE][PASSED] - Object 'Object Repository/IBB Nasabah/Payroll/Logout/btn_logout' is clickable

13-03-2025T21:20:42 - [TEST_STEP][PASSED] - click(findTestObject("IBB Nasabah/Payroll/Logout/btn_logout")): Object: 'Object Repository/IBB Nasabah/Payroll/Logout/btn_logout' is clicked on

13-03-2025T21:20:43 - [MESSAGE][PASSED] - Object: 'Object Repository/IBB Nasabah/Payroll/Logout/btn_logout' is clicked on

13-03-2025T21:20:43 - [TEST_STEP][PASSED] - click(findTestObject("IBB Nasabah/Payroll/Logout/btn_yes")): Object: 'Object Repository/IBB Nasabah/Payroll/Logout/btn_yes' is clicked on

13-03-2025T21:20:43 - [MESSAGE][PASSED] - Object: 'Object Repository/IBB Nasabah/Payroll/Logout/btn_yes' is clicked on

13-03-2025T21:20:43 - [MESSAGE][PASSED] - Call Test Case 'Test Cases/Nasabah/Logout/Logout' successfully]]></system-out>
         <system-err><![CDATA[]]></system-err>
      </testcase>
      <testcase name="Test Cases/Nasabah/Login/Login" time="9.948" classname="Test Cases/Nasabah/Login/Login" status="PASSED">
         <properties>
            <property name="data_binding"><![CDATA[{"(Default) corpI...":"MULTIE1","(Default) passw...":"Johndev1!!","(Default) userI...":"Admin1","(Default) url":"https://balebisnis.btn.co.id/login"}]]></property>
         </properties>
         <system-out><![CDATA[13-03-2025T21:20:43 - [TEST_CASE][PASSED] - Test Cases/Nasabah/Login/Login: Test Cases/Nasabah/Login/Login

13-03-2025T21:20:43 - [TEST_STEP][PASSED] - openBrowser(""): Browser is opened with url: ''

13-03-2025T21:20:43 - [MESSAGE][WARNING] - A browser is already opened. Closing browser and opening a new one

13-03-2025T21:20:43 - [MESSAGE][INFO] - Starting 'Chrome' driver

13-03-2025T21:20:43 - [MESSAGE][INFO] - Action delay is set to 0 milliseconds

13-03-2025T21:20:44 - [MESSAGE][PASSED] - Browser is opened with url: ''

13-03-2025T21:20:44 - [TEST_STEP][PASSED] - navigateToUrl(url): Navigate to 'https://balebisnis.btn.co.id/login' successfully

13-03-2025T21:20:46 - [MESSAGE][PASSED] - Navigate to 'https://balebisnis.btn.co.id/login' successfully

13-03-2025T21:20:46 - [TEST_STEP][PASSED] - maximizeWindow(): Current window maximized

13-03-2025T21:20:46 - [MESSAGE][PASSED] - Current window maximized

13-03-2025T21:20:46 - [TEST_STEP][PASSED] - setText(findTestObject("IBB Nasabah/Login/fld_corpId"), corpId): Text 'MULTIE1' is set on object 'Object Repository/IBB Nasabah/Login/fld_corpId'

13-03-2025T21:20:48 - [MESSAGE][PASSED] - Text 'MULTIE1' is set on object 'Object Repository/IBB Nasabah/Login/fld_corpId'

13-03-2025T21:20:48 - [TEST_STEP][PASSED] - setText(findTestObject("IBB Nasabah/Login/fld_userId"), userId): Text 'Admin1' is set on object 'Object Repository/IBB Nasabah/Login/fld_userId'

13-03-2025T21:20:48 - [MESSAGE][PASSED] - Text 'Admin1' is set on object 'Object Repository/IBB Nasabah/Login/fld_userId'

13-03-2025T21:20:48 - [TEST_STEP][PASSED] - setText(findTestObject("IBB Nasabah/Login/fld_password"), password): Text 'Johndev1!!' is set on object 'Object Repository/IBB Nasabah/Login/fld_password'

13-03-2025T21:20:49 - [MESSAGE][PASSED] - Text 'Johndev1!!' is set on object 'Object Repository/IBB Nasabah/Login/fld_password'

13-03-2025T21:20:49 - [TEST_STEP][PASSED] - click(findTestObject("IBB Nasabah/Login/btn_login")): Object: 'Object Repository/IBB Nasabah/Login/btn_login' is clicked on

13-03-2025T21:20:49 - [MESSAGE][PASSED] - Object: 'Object Repository/IBB Nasabah/Login/btn_login' is clicked on

13-03-2025T21:20:49 - [TEST_STEP][PASSED] - callTestCase(findTestCase("Nasabah/Logout/Logout"), [:], STOP_ON_FAILURE): Call Test Case 'Test Cases/Nasabah/Logout/Logout' successfully

13-03-2025T21:20:49 - [TEST_CASE][PASSED] - Test Cases/Nasabah/Logout/Logout: Test Cases/Nasabah/Logout/Logout

13-03-2025T21:20:49 - [TEST_STEP][PASSED] - mouseOver(findTestObject("IBB Nasabah/Payroll/Logout/icn_profile")): Object: 'Object Repository/IBB Nasabah/Payroll/Logout/icn_profile' is hovered

13-03-2025T21:20:51 - [MESSAGE][PASSED] - Object: 'Object Repository/IBB Nasabah/Payroll/Logout/icn_profile' is hovered

13-03-2025T21:20:51 - [TEST_STEP][PASSED] - delay(1): Delayed 1 second(s)

13-03-2025T21:20:52 - [MESSAGE][PASSED] - Delayed 1 second(s)

13-03-2025T21:20:52 - [TEST_STEP][PASSED] - waitForElementClickable(findTestObject("IBB Nasabah/Payroll/Logout/btn_logout"), 15): Object 'Object Repository/IBB Nasabah/Payroll/Logout/btn_logout' is clickable

13-03-2025T21:20:52 - [MESSAGE][PASSED] - Object 'Object Repository/IBB Nasabah/Payroll/Logout/btn_logout' is clickable

13-03-2025T21:20:52 - [TEST_STEP][PASSED] - click(findTestObject("IBB Nasabah/Payroll/Logout/btn_logout")): Object: 'Object Repository/IBB Nasabah/Payroll/Logout/btn_logout' is clicked on

13-03-2025T21:20:53 - [MESSAGE][PASSED] - Object: 'Object Repository/IBB Nasabah/Payroll/Logout/btn_logout' is clicked on

13-03-2025T21:20:53 - [TEST_STEP][PASSED] - click(findTestObject("IBB Nasabah/Payroll/Logout/btn_yes")): Object: 'Object Repository/IBB Nasabah/Payroll/Logout/btn_yes' is clicked on

13-03-2025T21:20:53 - [MESSAGE][PASSED] - Object: 'Object Repository/IBB Nasabah/Payroll/Logout/btn_yes' is clicked on

13-03-2025T21:20:53 - [MESSAGE][PASSED] - Call Test Case 'Test Cases/Nasabah/Logout/Logout' successfully]]></system-out>
         <system-err><![CDATA[]]></system-err>
      </testcase>
      <testcase name="Test Cases/Nasabah/Login/Login" time="9.234" classname="Test Cases/Nasabah/Login/Login" status="PASSED">
         <properties>
            <property name="data_binding"><![CDATA[{"(Default) corpI...":"MULTIE1","(Default) passw...":"Johndev1!!","(Default) userI...":"Admin1","(Default) url":"https://balebisnis.btn.co.id/login"}]]></property>
         </properties>
         <system-out><![CDATA[13-03-2025T21:20:53 - [TEST_CASE][PASSED] - Test Cases/Nasabah/Login/Login: Test Cases/Nasabah/Login/Login

13-03-2025T21:20:53 - [TEST_STEP][PASSED] - openBrowser(""): Browser is opened with url: ''

13-03-2025T21:20:53 - [MESSAGE][WARNING] - A browser is already opened. Closing browser and opening a new one

13-03-2025T21:20:53 - [MESSAGE][INFO] - Starting 'Chrome' driver

13-03-2025T21:20:53 - [MESSAGE][INFO] - Action delay is set to 0 milliseconds

13-03-2025T21:20:55 - [MESSAGE][PASSED] - Browser is opened with url: ''

13-03-2025T21:20:55 - [TEST_STEP][PASSED] - navigateToUrl(url): Navigate to 'https://balebisnis.btn.co.id/login' successfully

13-03-2025T21:20:56 - [MESSAGE][PASSED] - Navigate to 'https://balebisnis.btn.co.id/login' successfully

13-03-2025T21:20:56 - [TEST_STEP][PASSED] - maximizeWindow(): Current window maximized

13-03-2025T21:20:56 - [MESSAGE][PASSED] - Current window maximized

13-03-2025T21:20:56 - [TEST_STEP][PASSED] - setText(findTestObject("IBB Nasabah/Login/fld_corpId"), corpId): Text 'MULTIE1' is set on object 'Object Repository/IBB Nasabah/Login/fld_corpId'

13-03-2025T21:20:57 - [MESSAGE][PASSED] - Text 'MULTIE1' is set on object 'Object Repository/IBB Nasabah/Login/fld_corpId'

13-03-2025T21:20:57 - [TEST_STEP][PASSED] - setText(findTestObject("IBB Nasabah/Login/fld_userId"), userId): Text 'Admin1' is set on object 'Object Repository/IBB Nasabah/Login/fld_userId'

13-03-2025T21:20:58 - [MESSAGE][PASSED] - Text 'Admin1' is set on object 'Object Repository/IBB Nasabah/Login/fld_userId'

13-03-2025T21:20:58 - [TEST_STEP][PASSED] - setText(findTestObject("IBB Nasabah/Login/fld_password"), password): Text 'Johndev1!!' is set on object 'Object Repository/IBB Nasabah/Login/fld_password'

13-03-2025T21:20:58 - [MESSAGE][PASSED] - Text 'Johndev1!!' is set on object 'Object Repository/IBB Nasabah/Login/fld_password'

13-03-2025T21:20:58 - [TEST_STEP][PASSED] - click(findTestObject("IBB Nasabah/Login/btn_login")): Object: 'Object Repository/IBB Nasabah/Login/btn_login' is clicked on

13-03-2025T21:20:59 - [MESSAGE][PASSED] - Object: 'Object Repository/IBB Nasabah/Login/btn_login' is clicked on

13-03-2025T21:20:59 - [TEST_STEP][PASSED] - callTestCase(findTestCase("Nasabah/Logout/Logout"), [:], STOP_ON_FAILURE): Call Test Case 'Test Cases/Nasabah/Logout/Logout' successfully

13-03-2025T21:20:59 - [TEST_CASE][PASSED] - Test Cases/Nasabah/Logout/Logout: Test Cases/Nasabah/Logout/Logout

13-03-2025T21:20:59 - [TEST_STEP][PASSED] - mouseOver(findTestObject("IBB Nasabah/Payroll/Logout/icn_profile")): Object: 'Object Repository/IBB Nasabah/Payroll/Logout/icn_profile' is hovered

13-03-2025T21:21:00 - [MESSAGE][PASSED] - Object: 'Object Repository/IBB Nasabah/Payroll/Logout/icn_profile' is hovered

13-03-2025T21:21:00 - [TEST_STEP][PASSED] - delay(1): Delayed 1 second(s)

13-03-2025T21:21:01 - [MESSAGE][PASSED] - Delayed 1 second(s)

13-03-2025T21:21:01 - [TEST_STEP][PASSED] - waitForElementClickable(findTestObject("IBB Nasabah/Payroll/Logout/btn_logout"), 15): Object 'Object Repository/IBB Nasabah/Payroll/Logout/btn_logout' is clickable

13-03-2025T21:21:02 - [MESSAGE][PASSED] - Object 'Object Repository/IBB Nasabah/Payroll/Logout/btn_logout' is clickable

13-03-2025T21:21:02 - [TEST_STEP][PASSED] - click(findTestObject("IBB Nasabah/Payroll/Logout/btn_logout")): Object: 'Object Repository/IBB Nasabah/Payroll/Logout/btn_logout' is clicked on

13-03-2025T21:21:02 - [MESSAGE][PASSED] - Object: 'Object Repository/IBB Nasabah/Payroll/Logout/btn_logout' is clicked on

13-03-2025T21:21:02 - [TEST_STEP][PASSED] - click(findTestObject("IBB Nasabah/Payroll/Logout/btn_yes")): Object: 'Object Repository/IBB Nasabah/Payroll/Logout/btn_yes' is clicked on

13-03-2025T21:21:02 - [MESSAGE][PASSED] - Object: 'Object Repository/IBB Nasabah/Payroll/Logout/btn_yes' is clicked on

13-03-2025T21:21:02 - [MESSAGE][PASSED] - Call Test Case 'Test Cases/Nasabah/Logout/Logout' successfully]]></system-out>
         <system-err><![CDATA[]]></system-err>
      </testcase>
      <testcase name="Test Cases/Nasabah/Login/Login" time="9.34" classname="Test Cases/Nasabah/Login/Login" status="PASSED">
         <properties>
            <property name="data_binding"><![CDATA[{"(Default) corpI...":"MULTIE1","(Default) passw...":"Johndev1!!","(Default) userI...":"Admin1","(Default) url":"https://balebisnis.btn.co.id/login"}]]></property>
         </properties>
         <system-out><![CDATA[13-03-2025T21:21:02 - [TEST_CASE][PASSED] - Test Cases/Nasabah/Login/Login: Test Cases/Nasabah/Login/Login

13-03-2025T21:21:02 - [TEST_STEP][PASSED] - openBrowser(""): Browser is opened with url: ''

13-03-2025T21:21:02 - [MESSAGE][WARNING] - A browser is already opened. Closing browser and opening a new one

13-03-2025T21:21:03 - [MESSAGE][INFO] - Starting 'Chrome' driver

13-03-2025T21:21:03 - [MESSAGE][INFO] - Action delay is set to 0 milliseconds

13-03-2025T21:21:04 - [MESSAGE][PASSED] - Browser is opened with url: ''

13-03-2025T21:21:04 - [TEST_STEP][PASSED] - navigateToUrl(url): Navigate to 'https://balebisnis.btn.co.id/login' successfully

13-03-2025T21:21:05 - [MESSAGE][PASSED] - Navigate to 'https://balebisnis.btn.co.id/login' successfully

13-03-2025T21:21:05 - [TEST_STEP][PASSED] - maximizeWindow(): Current window maximized

13-03-2025T21:21:06 - [MESSAGE][PASSED] - Current window maximized

13-03-2025T21:21:06 - [TEST_STEP][PASSED] - setText(findTestObject("IBB Nasabah/Login/fld_corpId"), corpId): Text 'MULTIE1' is set on object 'Object Repository/IBB Nasabah/Login/fld_corpId'

13-03-2025T21:21:06 - [MESSAGE][PASSED] - Text 'MULTIE1' is set on object 'Object Repository/IBB Nasabah/Login/fld_corpId'

13-03-2025T21:21:06 - [TEST_STEP][PASSED] - setText(findTestObject("IBB Nasabah/Login/fld_userId"), userId): Text 'Admin1' is set on object 'Object Repository/IBB Nasabah/Login/fld_userId'

13-03-2025T21:21:07 - [MESSAGE][PASSED] - Text 'Admin1' is set on object 'Object Repository/IBB Nasabah/Login/fld_userId'

13-03-2025T21:21:07 - [TEST_STEP][PASSED] - setText(findTestObject("IBB Nasabah/Login/fld_password"), password): Text 'Johndev1!!' is set on object 'Object Repository/IBB Nasabah/Login/fld_password'

13-03-2025T21:21:08 - [MESSAGE][PASSED] - Text 'Johndev1!!' is set on object 'Object Repository/IBB Nasabah/Login/fld_password'

13-03-2025T21:21:08 - [TEST_STEP][PASSED] - click(findTestObject("IBB Nasabah/Login/btn_login")): Object: 'Object Repository/IBB Nasabah/Login/btn_login' is clicked on

13-03-2025T21:21:08 - [MESSAGE][PASSED] - Object: 'Object Repository/IBB Nasabah/Login/btn_login' is clicked on

13-03-2025T21:21:08 - [TEST_STEP][PASSED] - callTestCase(findTestCase("Nasabah/Logout/Logout"), [:], STOP_ON_FAILURE): Call Test Case 'Test Cases/Nasabah/Logout/Logout' successfully

13-03-2025T21:21:08 - [TEST_CASE][PASSED] - Test Cases/Nasabah/Logout/Logout: Test Cases/Nasabah/Logout/Logout

13-03-2025T21:21:08 - [TEST_STEP][PASSED] - mouseOver(findTestObject("IBB Nasabah/Payroll/Logout/icn_profile")): Object: 'Object Repository/IBB Nasabah/Payroll/Logout/icn_profile' is hovered

13-03-2025T21:21:10 - [MESSAGE][PASSED] - Object: 'Object Repository/IBB Nasabah/Payroll/Logout/icn_profile' is hovered

13-03-2025T21:21:10 - [TEST_STEP][PASSED] - delay(1): Delayed 1 second(s)

13-03-2025T21:21:11 - [MESSAGE][PASSED] - Delayed 1 second(s)

13-03-2025T21:21:11 - [TEST_STEP][PASSED] - waitForElementClickable(findTestObject("IBB Nasabah/Payroll/Logout/btn_logout"), 15): Object 'Object Repository/IBB Nasabah/Payroll/Logout/btn_logout' is clickable

13-03-2025T21:21:11 - [MESSAGE][PASSED] - Object 'Object Repository/IBB Nasabah/Payroll/Logout/btn_logout' is clickable

13-03-2025T21:21:11 - [TEST_STEP][PASSED] - click(findTestObject("IBB Nasabah/Payroll/Logout/btn_logout")): Object: 'Object Repository/IBB Nasabah/Payroll/Logout/btn_logout' is clicked on

13-03-2025T21:21:11 - [MESSAGE][PASSED] - Object: 'Object Repository/IBB Nasabah/Payroll/Logout/btn_logout' is clicked on

13-03-2025T21:21:11 - [TEST_STEP][PASSED] - click(findTestObject("IBB Nasabah/Payroll/Logout/btn_yes")): Object: 'Object Repository/IBB Nasabah/Payroll/Logout/btn_yes' is clicked on

13-03-2025T21:21:12 - [MESSAGE][PASSED] - Object: 'Object Repository/IBB Nasabah/Payroll/Logout/btn_yes' is clicked on

13-03-2025T21:21:12 - [MESSAGE][PASSED] - Call Test Case 'Test Cases/Nasabah/Logout/Logout' successfully]]></system-out>
         <system-err><![CDATA[]]></system-err>
      </testcase>
      <testcase name="Test Cases/Nasabah/Login/Login" time="9.162" classname="Test Cases/Nasabah/Login/Login" status="PASSED">
         <properties>
            <property name="data_binding"><![CDATA[{"(Default) corpI...":"MULTIE1","(Default) passw...":"Johndev1!!","(Default) userI...":"Admin1","(Default) url":"https://balebisnis.btn.co.id/login"}]]></property>
         </properties>
         <system-out><![CDATA[13-03-2025T21:21:12 - [TEST_CASE][PASSED] - Test Cases/Nasabah/Login/Login: Test Cases/Nasabah/Login/Login

13-03-2025T21:21:12 - [TEST_STEP][PASSED] - openBrowser(""): Browser is opened with url: ''

13-03-2025T21:21:12 - [MESSAGE][WARNING] - A browser is already opened. Closing browser and opening a new one

13-03-2025T21:21:12 - [MESSAGE][INFO] - Starting 'Chrome' driver

13-03-2025T21:21:12 - [MESSAGE][INFO] - Action delay is set to 0 milliseconds

13-03-2025T21:21:13 - [MESSAGE][PASSED] - Browser is opened with url: ''

13-03-2025T21:21:13 - [TEST_STEP][PASSED] - navigateToUrl(url): Navigate to 'https://balebisnis.btn.co.id/login' successfully

13-03-2025T21:21:14 - [MESSAGE][PASSED] - Navigate to 'https://balebisnis.btn.co.id/login' successfully

13-03-2025T21:21:14 - [TEST_STEP][PASSED] - maximizeWindow(): Current window maximized

13-03-2025T21:21:15 - [MESSAGE][PASSED] - Current window maximized

13-03-2025T21:21:15 - [TEST_STEP][PASSED] - setText(findTestObject("IBB Nasabah/Login/fld_corpId"), corpId): Text 'MULTIE1' is set on object 'Object Repository/IBB Nasabah/Login/fld_corpId'

13-03-2025T21:21:15 - [MESSAGE][PASSED] - Text 'MULTIE1' is set on object 'Object Repository/IBB Nasabah/Login/fld_corpId'

13-03-2025T21:21:15 - [TEST_STEP][PASSED] - setText(findTestObject("IBB Nasabah/Login/fld_userId"), userId): Text 'Admin1' is set on object 'Object Repository/IBB Nasabah/Login/fld_userId'

13-03-2025T21:21:16 - [MESSAGE][PASSED] - Text 'Admin1' is set on object 'Object Repository/IBB Nasabah/Login/fld_userId'

13-03-2025T21:21:16 - [TEST_STEP][PASSED] - setText(findTestObject("IBB Nasabah/Login/fld_password"), password): Text 'Johndev1!!' is set on object 'Object Repository/IBB Nasabah/Login/fld_password'

13-03-2025T21:21:17 - [MESSAGE][PASSED] - Text 'Johndev1!!' is set on object 'Object Repository/IBB Nasabah/Login/fld_password'

13-03-2025T21:21:17 - [TEST_STEP][PASSED] - click(findTestObject("IBB Nasabah/Login/btn_login")): Object: 'Object Repository/IBB Nasabah/Login/btn_login' is clicked on

13-03-2025T21:21:17 - [MESSAGE][PASSED] - Object: 'Object Repository/IBB Nasabah/Login/btn_login' is clicked on

13-03-2025T21:21:17 - [TEST_STEP][PASSED] - callTestCase(findTestCase("Nasabah/Logout/Logout"), [:], STOP_ON_FAILURE): Call Test Case 'Test Cases/Nasabah/Logout/Logout' successfully

13-03-2025T21:21:17 - [TEST_CASE][PASSED] - Test Cases/Nasabah/Logout/Logout: Test Cases/Nasabah/Logout/Logout

13-03-2025T21:21:17 - [TEST_STEP][PASSED] - mouseOver(findTestObject("IBB Nasabah/Payroll/Logout/icn_profile")): Object: 'Object Repository/IBB Nasabah/Payroll/Logout/icn_profile' is hovered

13-03-2025T21:21:19 - [MESSAGE][PASSED] - Object: 'Object Repository/IBB Nasabah/Payroll/Logout/icn_profile' is hovered

13-03-2025T21:21:19 - [TEST_STEP][PASSED] - delay(1): Delayed 1 second(s)

13-03-2025T21:21:20 - [MESSAGE][PASSED] - Delayed 1 second(s)

13-03-2025T21:21:20 - [TEST_STEP][PASSED] - waitForElementClickable(findTestObject("IBB Nasabah/Payroll/Logout/btn_logout"), 15): Object 'Object Repository/IBB Nasabah/Payroll/Logout/btn_logout' is clickable

13-03-2025T21:21:20 - [MESSAGE][PASSED] - Object 'Object Repository/IBB Nasabah/Payroll/Logout/btn_logout' is clickable

13-03-2025T21:21:20 - [TEST_STEP][PASSED] - click(findTestObject("IBB Nasabah/Payroll/Logout/btn_logout")): Object: 'Object Repository/IBB Nasabah/Payroll/Logout/btn_logout' is clicked on

13-03-2025T21:21:20 - [MESSAGE][PASSED] - Object: 'Object Repository/IBB Nasabah/Payroll/Logout/btn_logout' is clicked on

13-03-2025T21:21:20 - [TEST_STEP][PASSED] - click(findTestObject("IBB Nasabah/Payroll/Logout/btn_yes")): Object: 'Object Repository/IBB Nasabah/Payroll/Logout/btn_yes' is clicked on

13-03-2025T21:21:21 - [MESSAGE][PASSED] - Object: 'Object Repository/IBB Nasabah/Payroll/Logout/btn_yes' is clicked on

13-03-2025T21:21:21 - [MESSAGE][PASSED] - Call Test Case 'Test Cases/Nasabah/Logout/Logout' successfully]]></system-out>
         <system-err><![CDATA[]]></system-err>
      </testcase>
      <testcase name="Test Cases/Nasabah/Login/Login" time="9.498" classname="Test Cases/Nasabah/Login/Login" status="PASSED">
         <properties>
            <property name="data_binding"><![CDATA[{"(Default) corpI...":"MULTIE1","(Default) passw...":"Johndev1!!","(Default) userI...":"Admin1","(Default) url":"https://balebisnis.btn.co.id/login"}]]></property>
         </properties>
         <system-out><![CDATA[13-03-2025T21:21:21 - [TEST_CASE][PASSED] - Test Cases/Nasabah/Login/Login: Test Cases/Nasabah/Login/Login

13-03-2025T21:21:21 - [TEST_STEP][PASSED] - openBrowser(""): Browser is opened with url: ''

13-03-2025T21:21:21 - [MESSAGE][WARNING] - A browser is already opened. Closing browser and opening a new one

13-03-2025T21:21:21 - [MESSAGE][INFO] - Starting 'Chrome' driver

13-03-2025T21:21:21 - [MESSAGE][INFO] - Action delay is set to 0 milliseconds

13-03-2025T21:21:22 - [MESSAGE][PASSED] - Browser is opened with url: ''

13-03-2025T21:21:22 - [TEST_STEP][PASSED] - navigateToUrl(url): Navigate to 'https://balebisnis.btn.co.id/login' successfully

13-03-2025T21:21:24 - [MESSAGE][PASSED] - Navigate to 'https://balebisnis.btn.co.id/login' successfully

13-03-2025T21:21:24 - [TEST_STEP][PASSED] - maximizeWindow(): Current window maximized

13-03-2025T21:21:24 - [MESSAGE][PASSED] - Current window maximized

13-03-2025T21:21:24 - [TEST_STEP][PASSED] - setText(findTestObject("IBB Nasabah/Login/fld_corpId"), corpId): Text 'MULTIE1' is set on object 'Object Repository/IBB Nasabah/Login/fld_corpId'

13-03-2025T21:21:25 - [MESSAGE][PASSED] - Text 'MULTIE1' is set on object 'Object Repository/IBB Nasabah/Login/fld_corpId'

13-03-2025T21:21:25 - [TEST_STEP][PASSED] - setText(findTestObject("IBB Nasabah/Login/fld_userId"), userId): Text 'Admin1' is set on object 'Object Repository/IBB Nasabah/Login/fld_userId'

13-03-2025T21:21:25 - [MESSAGE][PASSED] - Text 'Admin1' is set on object 'Object Repository/IBB Nasabah/Login/fld_userId'

13-03-2025T21:21:25 - [TEST_STEP][PASSED] - setText(findTestObject("IBB Nasabah/Login/fld_password"), password): Text 'Johndev1!!' is set on object 'Object Repository/IBB Nasabah/Login/fld_password'

13-03-2025T21:21:26 - [MESSAGE][PASSED] - Text 'Johndev1!!' is set on object 'Object Repository/IBB Nasabah/Login/fld_password'

13-03-2025T21:21:26 - [TEST_STEP][PASSED] - click(findTestObject("IBB Nasabah/Login/btn_login")): Object: 'Object Repository/IBB Nasabah/Login/btn_login' is clicked on

13-03-2025T21:21:26 - [MESSAGE][PASSED] - Object: 'Object Repository/IBB Nasabah/Login/btn_login' is clicked on

13-03-2025T21:21:26 - [TEST_STEP][PASSED] - callTestCase(findTestCase("Nasabah/Logout/Logout"), [:], STOP_ON_FAILURE): Call Test Case 'Test Cases/Nasabah/Logout/Logout' successfully

13-03-2025T21:21:26 - [TEST_CASE][PASSED] - Test Cases/Nasabah/Logout/Logout: Test Cases/Nasabah/Logout/Logout

13-03-2025T21:21:26 - [TEST_STEP][PASSED] - mouseOver(findTestObject("IBB Nasabah/Payroll/Logout/icn_profile")): Object: 'Object Repository/IBB Nasabah/Payroll/Logout/icn_profile' is hovered

13-03-2025T21:21:28 - [MESSAGE][PASSED] - Object: 'Object Repository/IBB Nasabah/Payroll/Logout/icn_profile' is hovered

13-03-2025T21:21:28 - [TEST_STEP][PASSED] - delay(1): Delayed 1 second(s)

13-03-2025T21:21:29 - [MESSAGE][PASSED] - Delayed 1 second(s)

13-03-2025T21:21:29 - [TEST_STEP][PASSED] - waitForElementClickable(findTestObject("IBB Nasabah/Payroll/Logout/btn_logout"), 15): Object 'Object Repository/IBB Nasabah/Payroll/Logout/btn_logout' is clickable

13-03-2025T21:21:30 - [MESSAGE][PASSED] - Object 'Object Repository/IBB Nasabah/Payroll/Logout/btn_logout' is clickable

13-03-2025T21:21:30 - [TEST_STEP][PASSED] - click(findTestObject("IBB Nasabah/Payroll/Logout/btn_logout")): Object: 'Object Repository/IBB Nasabah/Payroll/Logout/btn_logout' is clicked on

13-03-2025T21:21:30 - [MESSAGE][PASSED] - Object: 'Object Repository/IBB Nasabah/Payroll/Logout/btn_logout' is clicked on

13-03-2025T21:21:30 - [TEST_STEP][PASSED] - click(findTestObject("IBB Nasabah/Payroll/Logout/btn_yes")): Object: 'Object Repository/IBB Nasabah/Payroll/Logout/btn_yes' is clicked on

13-03-2025T21:21:30 - [MESSAGE][PASSED] - Object: 'Object Repository/IBB Nasabah/Payroll/Logout/btn_yes' is clicked on

13-03-2025T21:21:30 - [MESSAGE][PASSED] - Call Test Case 'Test Cases/Nasabah/Logout/Logout' successfully]]></system-out>
         <system-err><![CDATA[]]></system-err>
      </testcase>
      <testcase name="Test Cases/Nasabah/Login/Login" time="9.363" classname="Test Cases/Nasabah/Login/Login" status="PASSED">
         <properties>
            <property name="data_binding"><![CDATA[{"(Default) corpI...":"MULTIE1","(Default) passw...":"Johndev1!!","(Default) userI...":"Admin1","(Default) url":"https://balebisnis.btn.co.id/login"}]]></property>
         </properties>
         <system-out><![CDATA[13-03-2025T21:21:30 - [TEST_CASE][PASSED] - Test Cases/Nasabah/Login/Login: Test Cases/Nasabah/Login/Login

13-03-2025T21:21:30 - [TEST_STEP][PASSED] - openBrowser(""): Browser is opened with url: ''

13-03-2025T21:21:30 - [MESSAGE][WARNING] - A browser is already opened. Closing browser and opening a new one

13-03-2025T21:21:31 - [MESSAGE][INFO] - Starting 'Chrome' driver

13-03-2025T21:21:31 - [MESSAGE][INFO] - Action delay is set to 0 milliseconds

13-03-2025T21:21:32 - [MESSAGE][PASSED] - Browser is opened with url: ''

13-03-2025T21:21:32 - [TEST_STEP][PASSED] - navigateToUrl(url): Navigate to 'https://balebisnis.btn.co.id/login' successfully

13-03-2025T21:21:33 - [MESSAGE][PASSED] - Navigate to 'https://balebisnis.btn.co.id/login' successfully

13-03-2025T21:21:33 - [TEST_STEP][PASSED] - maximizeWindow(): Current window maximized

13-03-2025T21:21:34 - [MESSAGE][PASSED] - Current window maximized

13-03-2025T21:21:34 - [TEST_STEP][PASSED] - setText(findTestObject("IBB Nasabah/Login/fld_corpId"), corpId): Text 'MULTIE1' is set on object 'Object Repository/IBB Nasabah/Login/fld_corpId'

13-03-2025T21:21:35 - [MESSAGE][PASSED] - Text 'MULTIE1' is set on object 'Object Repository/IBB Nasabah/Login/fld_corpId'

13-03-2025T21:21:35 - [TEST_STEP][PASSED] - setText(findTestObject("IBB Nasabah/Login/fld_userId"), userId): Text 'Admin1' is set on object 'Object Repository/IBB Nasabah/Login/fld_userId'

13-03-2025T21:21:35 - [MESSAGE][PASSED] - Text 'Admin1' is set on object 'Object Repository/IBB Nasabah/Login/fld_userId'

13-03-2025T21:21:35 - [TEST_STEP][PASSED] - setText(findTestObject("IBB Nasabah/Login/fld_password"), password): Text 'Johndev1!!' is set on object 'Object Repository/IBB Nasabah/Login/fld_password'

13-03-2025T21:21:36 - [MESSAGE][PASSED] - Text 'Johndev1!!' is set on object 'Object Repository/IBB Nasabah/Login/fld_password'

13-03-2025T21:21:36 - [TEST_STEP][PASSED] - click(findTestObject("IBB Nasabah/Login/btn_login")): Object: 'Object Repository/IBB Nasabah/Login/btn_login' is clicked on

13-03-2025T21:21:36 - [MESSAGE][PASSED] - Object: 'Object Repository/IBB Nasabah/Login/btn_login' is clicked on

13-03-2025T21:21:36 - [TEST_STEP][PASSED] - callTestCase(findTestCase("Nasabah/Logout/Logout"), [:], STOP_ON_FAILURE): Call Test Case 'Test Cases/Nasabah/Logout/Logout' successfully

13-03-2025T21:21:36 - [TEST_CASE][PASSED] - Test Cases/Nasabah/Logout/Logout: Test Cases/Nasabah/Logout/Logout

13-03-2025T21:21:36 - [TEST_STEP][PASSED] - mouseOver(findTestObject("IBB Nasabah/Payroll/Logout/icn_profile")): Object: 'Object Repository/IBB Nasabah/Payroll/Logout/icn_profile' is hovered

13-03-2025T21:21:38 - [MESSAGE][PASSED] - Object: 'Object Repository/IBB Nasabah/Payroll/Logout/icn_profile' is hovered

13-03-2025T21:21:38 - [TEST_STEP][PASSED] - delay(1): Delayed 1 second(s)

13-03-2025T21:21:39 - [MESSAGE][PASSED] - Delayed 1 second(s)

13-03-2025T21:21:39 - [TEST_STEP][PASSED] - waitForElementClickable(findTestObject("IBB Nasabah/Payroll/Logout/btn_logout"), 15): Object 'Object Repository/IBB Nasabah/Payroll/Logout/btn_logout' is clickable

13-03-2025T21:21:39 - [MESSAGE][PASSED] - Object 'Object Repository/IBB Nasabah/Payroll/Logout/btn_logout' is clickable

13-03-2025T21:21:39 - [TEST_STEP][PASSED] - click(findTestObject("IBB Nasabah/Payroll/Logout/btn_logout")): Object: 'Object Repository/IBB Nasabah/Payroll/Logout/btn_logout' is clicked on

13-03-2025T21:21:39 - [MESSAGE][PASSED] - Object: 'Object Repository/IBB Nasabah/Payroll/Logout/btn_logout' is clicked on

13-03-2025T21:21:39 - [TEST_STEP][PASSED] - click(findTestObject("IBB Nasabah/Payroll/Logout/btn_yes")): Object: 'Object Repository/IBB Nasabah/Payroll/Logout/btn_yes' is clicked on

13-03-2025T21:21:40 - [MESSAGE][PASSED] - Object: 'Object Repository/IBB Nasabah/Payroll/Logout/btn_yes' is clicked on

13-03-2025T21:21:40 - [MESSAGE][PASSED] - Call Test Case 'Test Cases/Nasabah/Logout/Logout' successfully]]></system-out>
         <system-err><![CDATA[]]></system-err>
      </testcase>
      <testcase name="Test Cases/Nasabah/Login/Login" time="9.582" classname="Test Cases/Nasabah/Login/Login" status="PASSED">
         <properties>
            <property name="data_binding"><![CDATA[{"(Default) corpI...":"MULTIE1","(Default) passw...":"Johndev1!!","(Default) userI...":"Admin1","(Default) url":"https://balebisnis.btn.co.id/login"}]]></property>
         </properties>
         <system-out><![CDATA[13-03-2025T21:21:40 - [TEST_CASE][PASSED] - Test Cases/Nasabah/Login/Login: Test Cases/Nasabah/Login/Login

13-03-2025T21:21:40 - [TEST_STEP][PASSED] - openBrowser(""): Browser is opened with url: ''

13-03-2025T21:21:40 - [MESSAGE][WARNING] - A browser is already opened. Closing browser and opening a new one

13-03-2025T21:21:40 - [MESSAGE][INFO] - Starting 'Chrome' driver

13-03-2025T21:21:40 - [MESSAGE][INFO] - Action delay is set to 0 milliseconds

13-03-2025T21:21:41 - [MESSAGE][PASSED] - Browser is opened with url: ''

13-03-2025T21:21:41 - [TEST_STEP][PASSED] - navigateToUrl(url): Navigate to 'https://balebisnis.btn.co.id/login' successfully

13-03-2025T21:21:42 - [MESSAGE][PASSED] - Navigate to 'https://balebisnis.btn.co.id/login' successfully

13-03-2025T21:21:43 - [TEST_STEP][PASSED] - maximizeWindow(): Current window maximized

13-03-2025T21:21:43 - [MESSAGE][PASSED] - Current window maximized

13-03-2025T21:21:43 - [TEST_STEP][PASSED] - setText(findTestObject("IBB Nasabah/Login/fld_corpId"), corpId): Text 'MULTIE1' is set on object 'Object Repository/IBB Nasabah/Login/fld_corpId'

13-03-2025T21:21:44 - [MESSAGE][PASSED] - Text 'MULTIE1' is set on object 'Object Repository/IBB Nasabah/Login/fld_corpId'

13-03-2025T21:21:44 - [TEST_STEP][PASSED] - setText(findTestObject("IBB Nasabah/Login/fld_userId"), userId): Text 'Admin1' is set on object 'Object Repository/IBB Nasabah/Login/fld_userId'

13-03-2025T21:21:44 - [MESSAGE][PASSED] - Text 'Admin1' is set on object 'Object Repository/IBB Nasabah/Login/fld_userId'

13-03-2025T21:21:44 - [TEST_STEP][PASSED] - setText(findTestObject("IBB Nasabah/Login/fld_password"), password): Text 'Johndev1!!' is set on object 'Object Repository/IBB Nasabah/Login/fld_password'

13-03-2025T21:21:45 - [MESSAGE][PASSED] - Text 'Johndev1!!' is set on object 'Object Repository/IBB Nasabah/Login/fld_password'

13-03-2025T21:21:45 - [TEST_STEP][PASSED] - click(findTestObject("IBB Nasabah/Login/btn_login")): Object: 'Object Repository/IBB Nasabah/Login/btn_login' is clicked on

13-03-2025T21:21:45 - [MESSAGE][PASSED] - Object: 'Object Repository/IBB Nasabah/Login/btn_login' is clicked on

13-03-2025T21:21:45 - [TEST_STEP][PASSED] - callTestCase(findTestCase("Nasabah/Logout/Logout"), [:], STOP_ON_FAILURE): Call Test Case 'Test Cases/Nasabah/Logout/Logout' successfully

13-03-2025T21:21:45 - [TEST_CASE][PASSED] - Test Cases/Nasabah/Logout/Logout: Test Cases/Nasabah/Logout/Logout

13-03-2025T21:21:45 - [TEST_STEP][PASSED] - mouseOver(findTestObject("IBB Nasabah/Payroll/Logout/icn_profile")): Object: 'Object Repository/IBB Nasabah/Payroll/Logout/icn_profile' is hovered

13-03-2025T21:21:47 - [MESSAGE][PASSED] - Object: 'Object Repository/IBB Nasabah/Payroll/Logout/icn_profile' is hovered

13-03-2025T21:21:47 - [TEST_STEP][PASSED] - delay(1): Delayed 1 second(s)

13-03-2025T21:21:48 - [MESSAGE][PASSED] - Delayed 1 second(s)

13-03-2025T21:21:48 - [TEST_STEP][PASSED] - waitForElementClickable(findTestObject("IBB Nasabah/Payroll/Logout/btn_logout"), 15): Object 'Object Repository/IBB Nasabah/Payroll/Logout/btn_logout' is clickable

13-03-2025T21:21:48 - [MESSAGE][PASSED] - Object 'Object Repository/IBB Nasabah/Payroll/Logout/btn_logout' is clickable

13-03-2025T21:21:48 - [TEST_STEP][PASSED] - click(findTestObject("IBB Nasabah/Payroll/Logout/btn_logout")): Object: 'Object Repository/IBB Nasabah/Payroll/Logout/btn_logout' is clicked on

13-03-2025T21:21:49 - [MESSAGE][PASSED] - Object: 'Object Repository/IBB Nasabah/Payroll/Logout/btn_logout' is clicked on

13-03-2025T21:21:49 - [TEST_STEP][PASSED] - click(findTestObject("IBB Nasabah/Payroll/Logout/btn_yes")): Object: 'Object Repository/IBB Nasabah/Payroll/Logout/btn_yes' is clicked on

13-03-2025T21:21:49 - [MESSAGE][PASSED] - Object: 'Object Repository/IBB Nasabah/Payroll/Logout/btn_yes' is clicked on

13-03-2025T21:21:49 - [MESSAGE][PASSED] - Call Test Case 'Test Cases/Nasabah/Logout/Logout' successfully]]></system-out>
         <system-err><![CDATA[]]></system-err>
      </testcase>
      <testcase name="Test Cases/Nasabah/Login/Login" time="10.351" classname="Test Cases/Nasabah/Login/Login" status="PASSED">
         <properties>
            <property name="data_binding"><![CDATA[{"(Default) corpI...":"MULTIE1","(Default) passw...":"Johndev1!!","(Default) userI...":"Admin1","(Default) url":"https://balebisnis.btn.co.id/login"}]]></property>
         </properties>
         <system-out><![CDATA[13-03-2025T21:21:49 - [TEST_CASE][PASSED] - Test Cases/Nasabah/Login/Login: Test Cases/Nasabah/Login/Login

13-03-2025T21:21:49 - [TEST_STEP][PASSED] - openBrowser(""): Browser is opened with url: ''

13-03-2025T21:21:49 - [MESSAGE][WARNING] - A browser is already opened. Closing browser and opening a new one

13-03-2025T21:21:50 - [MESSAGE][INFO] - Starting 'Chrome' driver

13-03-2025T21:21:50 - [MESSAGE][INFO] - Action delay is set to 0 milliseconds

13-03-2025T21:21:51 - [MESSAGE][PASSED] - Browser is opened with url: ''

13-03-2025T21:21:51 - [TEST_STEP][PASSED] - navigateToUrl(url): Navigate to 'https://balebisnis.btn.co.id/login' successfully

13-03-2025T21:21:53 - [MESSAGE][PASSED] - Navigate to 'https://balebisnis.btn.co.id/login' successfully

13-03-2025T21:21:53 - [TEST_STEP][PASSED] - maximizeWindow(): Current window maximized

13-03-2025T21:21:53 - [MESSAGE][PASSED] - Current window maximized

13-03-2025T21:21:53 - [TEST_STEP][PASSED] - setText(findTestObject("IBB Nasabah/Login/fld_corpId"), corpId): Text 'MULTIE1' is set on object 'Object Repository/IBB Nasabah/Login/fld_corpId'

13-03-2025T21:21:54 - [MESSAGE][PASSED] - Text 'MULTIE1' is set on object 'Object Repository/IBB Nasabah/Login/fld_corpId'

13-03-2025T21:21:54 - [TEST_STEP][PASSED] - setText(findTestObject("IBB Nasabah/Login/fld_userId"), userId): Text 'Admin1' is set on object 'Object Repository/IBB Nasabah/Login/fld_userId'

13-03-2025T21:21:55 - [MESSAGE][PASSED] - Text 'Admin1' is set on object 'Object Repository/IBB Nasabah/Login/fld_userId'

13-03-2025T21:21:55 - [TEST_STEP][PASSED] - setText(findTestObject("IBB Nasabah/Login/fld_password"), password): Text 'Johndev1!!' is set on object 'Object Repository/IBB Nasabah/Login/fld_password'

13-03-2025T21:21:55 - [MESSAGE][PASSED] - Text 'Johndev1!!' is set on object 'Object Repository/IBB Nasabah/Login/fld_password'

13-03-2025T21:21:55 - [TEST_STEP][PASSED] - click(findTestObject("IBB Nasabah/Login/btn_login")): Object: 'Object Repository/IBB Nasabah/Login/btn_login' is clicked on

13-03-2025T21:21:56 - [MESSAGE][PASSED] - Object: 'Object Repository/IBB Nasabah/Login/btn_login' is clicked on

13-03-2025T21:21:56 - [TEST_STEP][PASSED] - callTestCase(findTestCase("Nasabah/Logout/Logout"), [:], STOP_ON_FAILURE): Call Test Case 'Test Cases/Nasabah/Logout/Logout' successfully

13-03-2025T21:21:56 - [TEST_CASE][PASSED] - Test Cases/Nasabah/Logout/Logout: Test Cases/Nasabah/Logout/Logout

13-03-2025T21:21:56 - [TEST_STEP][PASSED] - mouseOver(findTestObject("IBB Nasabah/Payroll/Logout/icn_profile")): Object: 'Object Repository/IBB Nasabah/Payroll/Logout/icn_profile' is hovered

13-03-2025T21:21:58 - [MESSAGE][PASSED] - Object: 'Object Repository/IBB Nasabah/Payroll/Logout/icn_profile' is hovered

13-03-2025T21:21:58 - [TEST_STEP][PASSED] - delay(1): Delayed 1 second(s)

13-03-2025T21:21:59 - [MESSAGE][PASSED] - Delayed 1 second(s)

13-03-2025T21:21:59 - [TEST_STEP][PASSED] - waitForElementClickable(findTestObject("IBB Nasabah/Payroll/Logout/btn_logout"), 15): Object 'Object Repository/IBB Nasabah/Payroll/Logout/btn_logout' is clickable

13-03-2025T21:21:59 - [MESSAGE][PASSED] - Object 'Object Repository/IBB Nasabah/Payroll/Logout/btn_logout' is clickable

13-03-2025T21:21:59 - [TEST_STEP][PASSED] - click(findTestObject("IBB Nasabah/Payroll/Logout/btn_logout")): Object: 'Object Repository/IBB Nasabah/Payroll/Logout/btn_logout' is clicked on

13-03-2025T21:21:59 - [MESSAGE][PASSED] - Object: 'Object Repository/IBB Nasabah/Payroll/Logout/btn_logout' is clicked on

13-03-2025T21:21:59 - [TEST_STEP][PASSED] - click(findTestObject("IBB Nasabah/Payroll/Logout/btn_yes")): Object: 'Object Repository/IBB Nasabah/Payroll/Logout/btn_yes' is clicked on

13-03-2025T21:22:00 - [MESSAGE][PASSED] - Object: 'Object Repository/IBB Nasabah/Payroll/Logout/btn_yes' is clicked on

13-03-2025T21:22:00 - [MESSAGE][PASSED] - Call Test Case 'Test Cases/Nasabah/Logout/Logout' successfully]]></system-out>
         <system-err><![CDATA[]]></system-err>
      </testcase>
      <testcase name="Test Cases/Nasabah/Login/Login" time="9.979" classname="Test Cases/Nasabah/Login/Login" status="PASSED">
         <properties>
            <property name="data_binding"><![CDATA[{"(Default) corpI...":"MULTIE1","(Default) passw...":"Johndev1!!","(Default) userI...":"Admin1","(Default) url":"https://balebisnis.btn.co.id/login"}]]></property>
         </properties>
         <system-out><![CDATA[13-03-2025T21:22:00 - [TEST_CASE][PASSED] - Test Cases/Nasabah/Login/Login: Test Cases/Nasabah/Login/Login

13-03-2025T21:22:00 - [TEST_STEP][PASSED] - openBrowser(""): Browser is opened with url: ''

13-03-2025T21:22:00 - [MESSAGE][WARNING] - A browser is already opened. Closing browser and opening a new one

13-03-2025T21:22:00 - [MESSAGE][INFO] - Starting 'Chrome' driver

13-03-2025T21:22:00 - [MESSAGE][INFO] - Action delay is set to 0 milliseconds

13-03-2025T21:22:02 - [MESSAGE][PASSED] - Browser is opened with url: ''

13-03-2025T21:22:02 - [TEST_STEP][PASSED] - navigateToUrl(url): Navigate to 'https://balebisnis.btn.co.id/login' successfully

13-03-2025T21:22:03 - [MESSAGE][PASSED] - Navigate to 'https://balebisnis.btn.co.id/login' successfully

13-03-2025T21:22:03 - [TEST_STEP][PASSED] - maximizeWindow(): Current window maximized

13-03-2025T21:22:03 - [MESSAGE][PASSED] - Current window maximized

13-03-2025T21:22:03 - [TEST_STEP][PASSED] - setText(findTestObject("IBB Nasabah/Login/fld_corpId"), corpId): Text 'MULTIE1' is set on object 'Object Repository/IBB Nasabah/Login/fld_corpId'

13-03-2025T21:22:04 - [MESSAGE][PASSED] - Text 'MULTIE1' is set on object 'Object Repository/IBB Nasabah/Login/fld_corpId'

13-03-2025T21:22:04 - [TEST_STEP][PASSED] - setText(findTestObject("IBB Nasabah/Login/fld_userId"), userId): Text 'Admin1' is set on object 'Object Repository/IBB Nasabah/Login/fld_userId'

13-03-2025T21:22:05 - [MESSAGE][PASSED] - Text 'Admin1' is set on object 'Object Repository/IBB Nasabah/Login/fld_userId'

13-03-2025T21:22:05 - [TEST_STEP][PASSED] - setText(findTestObject("IBB Nasabah/Login/fld_password"), password): Text 'Johndev1!!' is set on object 'Object Repository/IBB Nasabah/Login/fld_password'

13-03-2025T21:22:05 - [MESSAGE][PASSED] - Text 'Johndev1!!' is set on object 'Object Repository/IBB Nasabah/Login/fld_password'

13-03-2025T21:22:05 - [TEST_STEP][PASSED] - click(findTestObject("IBB Nasabah/Login/btn_login")): Object: 'Object Repository/IBB Nasabah/Login/btn_login' is clicked on

13-03-2025T21:22:06 - [MESSAGE][PASSED] - Object: 'Object Repository/IBB Nasabah/Login/btn_login' is clicked on

13-03-2025T21:22:06 - [TEST_STEP][PASSED] - callTestCase(findTestCase("Nasabah/Logout/Logout"), [:], STOP_ON_FAILURE): Call Test Case 'Test Cases/Nasabah/Logout/Logout' successfully

13-03-2025T21:22:06 - [TEST_CASE][PASSED] - Test Cases/Nasabah/Logout/Logout: Test Cases/Nasabah/Logout/Logout

13-03-2025T21:22:06 - [TEST_STEP][PASSED] - mouseOver(findTestObject("IBB Nasabah/Payroll/Logout/icn_profile")): Object: 'Object Repository/IBB Nasabah/Payroll/Logout/icn_profile' is hovered

13-03-2025T21:22:08 - [MESSAGE][PASSED] - Object: 'Object Repository/IBB Nasabah/Payroll/Logout/icn_profile' is hovered

13-03-2025T21:22:08 - [TEST_STEP][PASSED] - delay(1): Delayed 1 second(s)

13-03-2025T21:22:09 - [MESSAGE][PASSED] - Delayed 1 second(s)

13-03-2025T21:22:09 - [TEST_STEP][PASSED] - waitForElementClickable(findTestObject("IBB Nasabah/Payroll/Logout/btn_logout"), 15): Object 'Object Repository/IBB Nasabah/Payroll/Logout/btn_logout' is clickable

13-03-2025T21:22:09 - [MESSAGE][PASSED] - Object 'Object Repository/IBB Nasabah/Payroll/Logout/btn_logout' is clickable

13-03-2025T21:22:09 - [TEST_STEP][PASSED] - click(findTestObject("IBB Nasabah/Payroll/Logout/btn_logout")): Object: 'Object Repository/IBB Nasabah/Payroll/Logout/btn_logout' is clicked on

13-03-2025T21:22:09 - [MESSAGE][PASSED] - Object: 'Object Repository/IBB Nasabah/Payroll/Logout/btn_logout' is clicked on

13-03-2025T21:22:09 - [TEST_STEP][PASSED] - click(findTestObject("IBB Nasabah/Payroll/Logout/btn_yes")): Object: 'Object Repository/IBB Nasabah/Payroll/Logout/btn_yes' is clicked on

13-03-2025T21:22:10 - [MESSAGE][PASSED] - Object: 'Object Repository/IBB Nasabah/Payroll/Logout/btn_yes' is clicked on

13-03-2025T21:22:10 - [MESSAGE][PASSED] - Call Test Case 'Test Cases/Nasabah/Logout/Logout' successfully]]></system-out>
         <system-err><![CDATA[]]></system-err>
      </testcase>
      <testcase name="Test Cases/Nasabah/Login/Login" time="9.643" classname="Test Cases/Nasabah/Login/Login" status="PASSED">
         <properties>
            <property name="data_binding"><![CDATA[{"(Default) corpI...":"MULTIE1","(Default) passw...":"Johndev1!!","(Default) userI...":"Admin1","(Default) url":"https://balebisnis.btn.co.id/login"}]]></property>
         </properties>
         <system-out><![CDATA[13-03-2025T21:22:10 - [TEST_CASE][PASSED] - Test Cases/Nasabah/Login/Login: Test Cases/Nasabah/Login/Login

13-03-2025T21:22:10 - [TEST_STEP][PASSED] - openBrowser(""): Browser is opened with url: ''

13-03-2025T21:22:10 - [MESSAGE][WARNING] - A browser is already opened. Closing browser and opening a new one

13-03-2025T21:22:10 - [MESSAGE][INFO] - Starting 'Chrome' driver

13-03-2025T21:22:10 - [MESSAGE][INFO] - Action delay is set to 0 milliseconds

13-03-2025T21:22:11 - [MESSAGE][PASSED] - Browser is opened with url: ''

13-03-2025T21:22:11 - [TEST_STEP][PASSED] - navigateToUrl(url): Navigate to 'https://balebisnis.btn.co.id/login' successfully

13-03-2025T21:22:13 - [MESSAGE][PASSED] - Navigate to 'https://balebisnis.btn.co.id/login' successfully

13-03-2025T21:22:13 - [TEST_STEP][PASSED] - maximizeWindow(): Current window maximized

13-03-2025T21:22:13 - [MESSAGE][PASSED] - Current window maximized

13-03-2025T21:22:13 - [TEST_STEP][PASSED] - setText(findTestObject("IBB Nasabah/Login/fld_corpId"), corpId): Text 'MULTIE1' is set on object 'Object Repository/IBB Nasabah/Login/fld_corpId'

13-03-2025T21:22:14 - [MESSAGE][PASSED] - Text 'MULTIE1' is set on object 'Object Repository/IBB Nasabah/Login/fld_corpId'

13-03-2025T21:22:14 - [TEST_STEP][PASSED] - setText(findTestObject("IBB Nasabah/Login/fld_userId"), userId): Text 'Admin1' is set on object 'Object Repository/IBB Nasabah/Login/fld_userId'

13-03-2025T21:22:14 - [MESSAGE][PASSED] - Text 'Admin1' is set on object 'Object Repository/IBB Nasabah/Login/fld_userId'

13-03-2025T21:22:14 - [TEST_STEP][PASSED] - setText(findTestObject("IBB Nasabah/Login/fld_password"), password): Text 'Johndev1!!' is set on object 'Object Repository/IBB Nasabah/Login/fld_password'

13-03-2025T21:22:15 - [MESSAGE][PASSED] - Text 'Johndev1!!' is set on object 'Object Repository/IBB Nasabah/Login/fld_password'

13-03-2025T21:22:15 - [TEST_STEP][PASSED] - click(findTestObject("IBB Nasabah/Login/btn_login")): Object: 'Object Repository/IBB Nasabah/Login/btn_login' is clicked on

13-03-2025T21:22:15 - [MESSAGE][PASSED] - Object: 'Object Repository/IBB Nasabah/Login/btn_login' is clicked on

13-03-2025T21:22:15 - [TEST_STEP][PASSED] - callTestCase(findTestCase("Nasabah/Logout/Logout"), [:], STOP_ON_FAILURE): Call Test Case 'Test Cases/Nasabah/Logout/Logout' successfully

13-03-2025T21:22:15 - [TEST_CASE][PASSED] - Test Cases/Nasabah/Logout/Logout: Test Cases/Nasabah/Logout/Logout

13-03-2025T21:22:15 - [TEST_STEP][PASSED] - mouseOver(findTestObject("IBB Nasabah/Payroll/Logout/icn_profile")): Object: 'Object Repository/IBB Nasabah/Payroll/Logout/icn_profile' is hovered

13-03-2025T21:22:17 - [MESSAGE][PASSED] - Object: 'Object Repository/IBB Nasabah/Payroll/Logout/icn_profile' is hovered

13-03-2025T21:22:17 - [TEST_STEP][PASSED] - delay(1): Delayed 1 second(s)

13-03-2025T21:22:18 - [MESSAGE][PASSED] - Delayed 1 second(s)

13-03-2025T21:22:18 - [TEST_STEP][PASSED] - waitForElementClickable(findTestObject("IBB Nasabah/Payroll/Logout/btn_logout"), 15): Object 'Object Repository/IBB Nasabah/Payroll/Logout/btn_logout' is clickable

13-03-2025T21:22:19 - [MESSAGE][PASSED] - Object 'Object Repository/IBB Nasabah/Payroll/Logout/btn_logout' is clickable

13-03-2025T21:22:19 - [TEST_STEP][PASSED] - click(findTestObject("IBB Nasabah/Payroll/Logout/btn_logout")): Object: 'Object Repository/IBB Nasabah/Payroll/Logout/btn_logout' is clicked on

13-03-2025T21:22:19 - [MESSAGE][PASSED] - Object: 'Object Repository/IBB Nasabah/Payroll/Logout/btn_logout' is clicked on

13-03-2025T21:22:19 - [TEST_STEP][PASSED] - click(findTestObject("IBB Nasabah/Payroll/Logout/btn_yes")): Object: 'Object Repository/IBB Nasabah/Payroll/Logout/btn_yes' is clicked on

13-03-2025T21:22:19 - [MESSAGE][PASSED] - Object: 'Object Repository/IBB Nasabah/Payroll/Logout/btn_yes' is clicked on

13-03-2025T21:22:19 - [MESSAGE][PASSED] - Call Test Case 'Test Cases/Nasabah/Logout/Logout' successfully]]></system-out>
         <system-err><![CDATA[]]></system-err>
      </testcase>
      <testcase name="Test Cases/Nasabah/Login/Login" time="9.965" classname="Test Cases/Nasabah/Login/Login" status="PASSED">
         <properties>
            <property name="data_binding"><![CDATA[{"(Default) corpI...":"MULTIE1","(Default) passw...":"Johndev1!!","(Default) userI...":"Admin1","(Default) url":"https://balebisnis.btn.co.id/login"}]]></property>
         </properties>
         <system-out><![CDATA[13-03-2025T21:22:19 - [TEST_CASE][PASSED] - Test Cases/Nasabah/Login/Login: Test Cases/Nasabah/Login/Login

13-03-2025T21:22:19 - [TEST_STEP][PASSED] - openBrowser(""): Browser is opened with url: ''

13-03-2025T21:22:19 - [MESSAGE][WARNING] - A browser is already opened. Closing browser and opening a new one

13-03-2025T21:22:20 - [MESSAGE][INFO] - Starting 'Chrome' driver

13-03-2025T21:22:20 - [MESSAGE][INFO] - Action delay is set to 0 milliseconds

13-03-2025T21:22:21 - [MESSAGE][PASSED] - Browser is opened with url: ''

13-03-2025T21:22:21 - [TEST_STEP][PASSED] - navigateToUrl(url): Navigate to 'https://balebisnis.btn.co.id/login' successfully

13-03-2025T21:22:22 - [MESSAGE][PASSED] - Navigate to 'https://balebisnis.btn.co.id/login' successfully

13-03-2025T21:22:22 - [TEST_STEP][PASSED] - maximizeWindow(): Current window maximized

13-03-2025T21:22:23 - [MESSAGE][PASSED] - Current window maximized

13-03-2025T21:22:23 - [TEST_STEP][PASSED] - setText(findTestObject("IBB Nasabah/Login/fld_corpId"), corpId): Text 'MULTIE1' is set on object 'Object Repository/IBB Nasabah/Login/fld_corpId'

13-03-2025T21:22:23 - [MESSAGE][PASSED] - Text 'MULTIE1' is set on object 'Object Repository/IBB Nasabah/Login/fld_corpId'

13-03-2025T21:22:23 - [TEST_STEP][PASSED] - setText(findTestObject("IBB Nasabah/Login/fld_userId"), userId): Text 'Admin1' is set on object 'Object Repository/IBB Nasabah/Login/fld_userId'

13-03-2025T21:22:24 - [MESSAGE][PASSED] - Text 'Admin1' is set on object 'Object Repository/IBB Nasabah/Login/fld_userId'

13-03-2025T21:22:24 - [TEST_STEP][PASSED] - setText(findTestObject("IBB Nasabah/Login/fld_password"), password): Text 'Johndev1!!' is set on object 'Object Repository/IBB Nasabah/Login/fld_password'

13-03-2025T21:22:24 - [MESSAGE][PASSED] - Text 'Johndev1!!' is set on object 'Object Repository/IBB Nasabah/Login/fld_password'

13-03-2025T21:22:24 - [TEST_STEP][PASSED] - click(findTestObject("IBB Nasabah/Login/btn_login")): Object: 'Object Repository/IBB Nasabah/Login/btn_login' is clicked on

13-03-2025T21:22:25 - [MESSAGE][PASSED] - Object: 'Object Repository/IBB Nasabah/Login/btn_login' is clicked on

13-03-2025T21:22:25 - [TEST_STEP][PASSED] - callTestCase(findTestCase("Nasabah/Logout/Logout"), [:], STOP_ON_FAILURE): Call Test Case 'Test Cases/Nasabah/Logout/Logout' successfully

[...]

13-03-2025T21:22:54 - [TEST_STEP][PASSED] - callTestCase(findTestCase("Nasabah/Logout/Logout"), [:], STOP_ON_FAILURE): Call Test Case 'Test Cases/Nasabah/Logout/Logout' successfully

13-03-2025T21:22:54 - [TEST_CASE][PASSED] - Test Cases/Nasabah/Logout/Logout: Test Cases/Nasabah/Logout/Logout

13-03-2025T21:22:54 - [TEST_STEP][PASSED] - mouseOver(findTestObject("IBB Nasabah/Payroll/Logout/icn_profile")): Object: 'Object Repository/IBB Nasabah/Payroll/Logout/icn_profile' is hovered

13-03-2025T21:22:56 - [MESSAGE][PASSED] - Object: 'Object Repository/IBB Nasabah/Payroll/Logout/icn_profile' is hovered

13-03-2025T21:22:56 - [TEST_STEP][PASSED] - delay(1): Delayed 1 second(s)

13-03-2025T21:22:57 - [MESSAGE][PASSED] - Delayed 1 second(s)

13-03-2025T21:22:57 - [TEST_STEP][PASSED] - waitForElementClickable(findTestObject("IBB Nasabah/Payroll/Logout/btn_logout"), 15): Object 'Object Repository/IBB Nasabah/Payroll/Logout/btn_logout' is clickable

13-03-2025T21:22:57 - [MESSAGE][PASSED] - Object 'Object Repository/IBB Nasabah/Payroll/Logout/btn_logout' is clickable

13-03-2025T21:22:57 - [TEST_STEP][PASSED] - click(findTestObject("IBB Nasabah/Payroll/Logout/btn_logout")): Object: 'Object Repository/IBB Nasabah/Payroll/Logout/btn_logout' is clicked on

13-03-2025T21:22:58 - [MESSAGE][PASSED] - Object: 'Object Repository/IBB Nasabah/Payroll/Logout/btn_logout' is clicked on

13-03-2025T21:22:58 - [TEST_STEP][PASSED] - click(findTestObject("IBB Nasabah/Payroll/Logout/btn_yes")): Object: 'Object Repository/IBB Nasabah/Payroll/Logout/btn_yes' is clicked on

13-03-2025T21:22:58 - [MESSAGE][PASSED] - Object: 'Object Repository/IBB Nasabah/Payroll/Logout/btn_yes' is clicked on

13-03-2025T21:22:58 - [MESSAGE][PASSED] - Call Test Case 'Test Cases/Nasabah/Logout/Logout' successfully]]></system-out>
         <system-err><![CDATA[]]></system-err>
      </testcase>
      <testcase name="Test Cases/Nasabah/Login/Login" time="9.156" classname="Test Cases/Nasabah/Login/Login" status="PASSED">
         <properties>
            <property name="data_binding"><![CDATA[{"(Default) corpI...":"MULTIE1","(Default) passw...":"Johndev1!!","(Default) userI...":"Admin1","(Default) url":"https://balebisnis.btn.co.id/login"}]]></property>
         </properties>
         <system-out><![CDATA[13-03-2025T21:22:58 - [TEST_CASE][PASSED] - Test Cases/Nasabah/Login/Login: Test Cases/Nasabah/Login/Login

13-03-2025T21:22:58 - [TEST_STEP][PASSED] - openBrowser(""): Browser is opened with url: ''

13-03-2025T21:22:58 - [MESSAGE][WARNING] - A browser is already opened. Closing browser and opening a new one

13-03-2025T21:22:58 - [MESSAGE][INFO] - Starting 'Chrome' driver

13-03-2025T21:22:58 - [MESSAGE][INFO] - Action delay is set to 0 milliseconds

13-03-2025T21:22:59 - [MESSAGE][PASSED] - Browser is opened with url: ''

13-03-2025T21:22:59 - [TEST_STEP][PASSED] - navigateToUrl(url): Navigate to 'https://balebisnis.btn.co.id/login' successfully

13-03-2025T21:23:01 - [MESSAGE][PASSED] - Navigate to 'https://balebisnis.btn.co.id/login' successfully

13-03-2025T21:23:01 - [TEST_STEP][PASSED] - maximizeWindow(): Current window maximized

13-03-2025T21:23:01 - [MESSAGE][PASSED] - Current window maximized

13-03-2025T21:23:01 - [TEST_STEP][PASSED] - setText(findTestObject("IBB Nasabah/Login/fld_corpId"), corpId): Text 'MULTIE1' is set on object 'Object Repository/IBB Nasabah/Login/fld_corpId'

13-03-2025T21:23:02 - [MESSAGE][PASSED] - Text 'MULTIE1' is set on object 'Object Repository/IBB Nasabah/Login/fld_corpId'

13-03-2025T21:23:02 - [TEST_STEP][PASSED] - setText(findTestObject("IBB Nasabah/Login/fld_userId"), userId): Text 'Admin1' is set on object 'Object Repository/IBB Nasabah/Login/fld_userId'

13-03-2025T21:23:02 - [MESSAGE][PASSED] - Text 'Admin1' is set on object 'Object Repository/IBB Nasabah/Login/fld_userId'

13-03-2025T21:23:02 - [TEST_STEP][PASSED] - setText(findTestObject("IBB Nasabah/Login/fld_password"), password): Text 'Johndev1!!' is set on object 'Object Repository/IBB Nasabah/Login/fld_password'

13-03-2025T21:23:03 - [MESSAGE][PASSED] - Text 'Johndev1!!' is set on object 'Object Repository/IBB Nasabah/Login/fld_password'

13-03-2025T21:23:03 - [TEST_STEP][PASSED] - click(findTestObject("IBB Nasabah/Login/btn_login")): Object: 'Object Repository/IBB Nasabah/Login/btn_login' is clicked on

13-03-2025T21:23:03 - [MESSAGE][PASSED] - Object: 'Object Repository/IBB Nasabah/Login/btn_login' is clicked on

13-03-2025T21:23:03 - [TEST_STEP][PASSED] - callTestCase(findTestCase("Nasabah/Logout/Logout"), [:], STOP_ON_FAILURE): Call Test Case 'Test Cases/Nasabah/Logout/Logout' successfully

13-03-2025T21:23:03 - [TEST_CASE][PASSED] - Test Cases/Nasabah/Logout/Logout: Test Cases/Nasabah/Logout/Logout

13-03-2025T21:23:03 - [TEST_STEP][PASSED] - mouseOver(findTestObject("IBB Nasabah/Payroll/Logout/icn_profile")): Object: 'Object Repository/IBB Nasabah/Payroll/Logout/icn_profile' is hovered

13-03-2025T21:23:05 - [MESSAGE][PASSED] - Object: 'Object Repository/IBB Nasabah/Payroll/Logout/icn_profile' is hovered

13-03-2025T21:23:05 - [TEST_STEP][PASSED] - delay(1): Delayed 1 second(s)

13-03-2025T21:23:06 - [MESSAGE][PASSED] - Delayed 1 second(s)

13-03-2025T21:23:06 - [TEST_STEP][PASSED] - waitForElementClickable(findTestObject("IBB Nasabah/Payroll/Logout/btn_logout"), 15): Object 'Object Repository/IBB Nasabah/Payroll/Logout/btn_logout' is clickable

13-03-2025T21:23:07 - [MESSAGE][PASSED] - Object 'Object Repository/IBB Nasabah/Payroll/Logout/btn_logout' is clickable

13-03-2025T21:23:07 - [TEST_STEP][PASSED] - click(findTestObject("IBB Nasabah/Payroll/Logout/btn_logout")): Object: 'Object Repository/IBB Nasabah/Payroll/Logout/btn_logout' is clicked on

13-03-2025T21:23:07 - [MESSAGE][PASSED] - Object: 'Object Repository/IBB Nasabah/Payroll/Logout/btn_logout' is clicked on

13-03-2025T21:23:07 - [TEST_STEP][PASSED] - click(findTestObject("IBB Nasabah/Payroll/Logout/btn_yes")): Object: 'Object Repository/IBB Nasabah/Payroll/Logout/btn_yes' is clicked on

13-03-2025T21:23:07 - [MESSAGE][PASSED] - Object: 'Object Repository/IBB Nasabah/Payroll/Logout/btn_yes' is clicked on

13-03-2025T21:23:07 - [MESSAGE][PASSED] - Call Test Case 'Test Cases/Nasabah/Logout/Logout' successfully]]></system-out>
         <system-err><![CDATA[]]></system-err>
      </testcase>
      <testcase name="Test Cases/Nasabah/Login/Login" time="9.372" classname="Test Cases/Nasabah/Login/Login" status="PASSED">
         <properties>
            <property name="data_binding"><![CDATA[{"(Default) corpI...":"MULTIE1","(Default) passw...":"Johndev1!!","(Default) userI...":"Admin1","(Default) url":"https://balebisnis.btn.co.id/login"}]]></property>
         </properties>
         <system-out><![CDATA[13-03-2025T21:23:07 - [TEST_CASE][PASSED] - Test Cases/Nasabah/Login/Login: Test Cases/Nasabah/Login/Login

13-03-2025T21:23:07 - [TEST_STEP][PASSED] - openBrowser(""): Browser is opened with url: ''

13-03-2025T21:23:07 - [MESSAGE][WARNING] - A browser is already opened. Closing browser and opening a new one

13-03-2025T21:23:08 - [MESSAGE][INFO] - Starting 'Chrome' driver

13-03-2025T21:23:08 - [MESSAGE][INFO] - Action delay is set to 0 milliseconds

13-03-2025T21:23:09 - [MESSAGE][PASSED] - Browser is opened with url: ''

13-03-2025T21:23:09 - [TEST_STEP][PASSED] - navigateToUrl(url): Navigate to 'https://balebisnis.btn.co.id/login' successfully

13-03-2025T21:23:10 - [MESSAGE][PASSED] - Navigate to 'https://balebisnis.btn.co.id/login' successfully

13-03-2025T21:23:10 - [TEST_STEP][PASSED] - maximizeWindow(): Current window maximized

13-03-2025T21:23:10 - [MESSAGE][PASSED] - Current window maximized

13-03-2025T21:23:10 - [TEST_STEP][PASSED] - setText(findTestObject("IBB Nasabah/Login/fld_corpId"), corpId): Text 'MULTIE1' is set on object 'Object Repository/IBB Nasabah/Login/fld_corpId'

13-03-2025T21:23:11 - [MESSAGE][PASSED] - Text 'MULTIE1' is set on object 'Object Repository/IBB Nasabah/Login/fld_corpId'

13-03-2025T21:23:11 - [TEST_STEP][PASSED] - setText(findTestObject("IBB Nasabah/Login/fld_userId"), userId): Text 'Admin1' is set on object 'Object Repository/IBB Nasabah/Login/fld_userId'

13-03-2025T21:23:12 - [MESSAGE][PASSED] - Text 'Admin1' is set on object 'Object Repository/IBB Nasabah/Login/fld_userId'

13-03-2025T21:23:12 - [TEST_STEP][PASSED] - setText(findTestObject("IBB Nasabah/Login/fld_password"), password): Text 'Johndev1!!' is set on object 'Object Repository/IBB Nasabah/Login/fld_password'

13-03-2025T21:23:12 - [MESSAGE][PASSED] - Text 'Johndev1!!' is set on object 'Object Repository/IBB Nasabah/Login/fld_password'

13-03-2025T21:23:12 - [TEST_STEP][PASSED] - click(findTestObject("IBB Nasabah/Login/btn_login")): Object: 'Object Repository/IBB Nasabah/Login/btn_login' is clicked on

13-03-2025T21:23:13 - [MESSAGE][PASSED] - Object: 'Object Repository/IBB Nasabah/Login/btn_login' is clicked on

13-03-2025T21:23:13 - [TEST_STEP][PASSED] - callTestCase(findTestCase("Nasabah/Logout/Logout"), [:], STOP_ON_FAILURE): Call Test Case 'Test Cases/Nasabah/Logout/Logout' successfully

13-03-2025T21:23:13 - [TEST_CASE][PASSED] - Test Cases/Nasabah/Logout/Logout: Test Cases/Nasabah/Logout/Logout

13-03-2025T21:23:13 - [TEST_STEP][PASSED] - mouseOver(findTestObject("IBB Nasabah/Payroll/Logout/icn_profile")): Object: 'Object Repository/IBB Nasabah/Payroll/Logout/icn_profile' is hovered

13-03-2025T21:23:15 - [MESSAGE][PASSED] - Object: 'Object Repository/IBB Nasabah/Payroll/Logout/icn_profile' is hovered

13-03-2025T21:23:15 - [TEST_STEP][PASSED] - delay(1): Delayed 1 second(s)

13-03-2025T21:23:16 - [MESSAGE][PASSED] - Delayed 1 second(s)

13-03-2025T21:23:16 - [TEST_STEP][PASSED] - waitForElementClickable(findTestObject("IBB Nasabah/Payroll/Logout/btn_logout"), 15): Object 'Object Repository/IBB Nasabah/Payroll/Logout/btn_logout' is clickable

13-03-2025T21:23:16 - [MESSAGE][PASSED] - Object 'Object Repository/IBB Nasabah/Payroll/Logout/btn_logout' is clickable

13-03-2025T21:23:16 - [TEST_STEP][PASSED] - click(findTestObject("IBB Nasabah/Payroll/Logout/btn_logout")): Object: 'Object Repository/IBB Nasabah/Payroll/Logout/btn_logout' is clicked on

13-03-2025T21:23:16 - [MESSAGE][PASSED] - Object: 'Object Repository/IBB Nasabah/Payroll/Logout/btn_logout' is clicked on

13-03-2025T21:23:16 - [TEST_STEP][PASSED] - click(findTestObject("IBB Nasabah/Payroll/Logout/btn_yes")): Object: 'Object Repository/IBB Nasabah/Payroll/Logout/btn_yes' is clicked on

13-03-2025T21:23:17 - [MESSAGE][PASSED] - Object: 'Object Repository/IBB Nasabah/Payroll/Logout/btn_yes' is clicked on

13-03-2025T21:23:17 - [MESSAGE][PASSED] - Call Test Case 'Test Cases/Nasabah/Logout/Logout' successfully]]></system-out>
         <system-err><![CDATA[]]></system-err>
      </testcase>
      <testcase name="Test Cases/Nasabah/Login/Login" time="9.251" classname="Test Cases/Nasabah/Login/Login" status="PASSED">
         <properties>
            <property name="data_binding"><![CDATA[{"(Default) corpI...":"MULTIE1","(Default) passw...":"Johndev1!!","(Default) userI...":"Admin1","(Default) url":"https://balebisnis.btn.co.id/login"}]]></property>
         </properties>
         <system-out><![CDATA[13-03-2025T21:23:17 - [TEST_CASE][PASSED] - Test Cases/Nasabah/Login/Login: Test Cases/Nasabah/Login/Login

13-03-2025T21:23:17 - [TEST_STEP][PASSED] - openBrowser(""): Browser is opened with url: ''

13-03-2025T21:23:17 - [MESSAGE][WARNING] - A browser is already opened. Closing browser and opening a new one

13-03-2025T21:23:17 - [MESSAGE][INFO] - Starting 'Chrome' driver

13-03-2025T21:23:17 - [MESSAGE][INFO] - Action delay is set to 0 milliseconds

13-03-2025T21:23:18 - [MESSAGE][PASSED] - Browser is opened with url: ''

13-03-2025T21:23:18 - [TEST_STEP][PASSED] - navigateToUrl(url): Navigate to 'https://balebisnis.btn.co.id/login' successfully

13-03-2025T21:23:19 - [MESSAGE][PASSED] - Navigate to 'https://balebisnis.btn.co.id/login' successfully

13-03-2025T21:23:19 - [TEST_STEP][PASSED] - maximizeWindow(): Current window maximized

13-03-2025T21:23:20 - [MESSAGE][PASSED] - Current window maximized

13-03-2025T21:23:20 - [TEST_STEP][PASSED] - setText(findTestObject("IBB Nasabah/Login/fld_corpId"), corpId): Text 'MULTIE1' is set on object 'Object Repository/IBB Nasabah/Login/fld_corpId'

13-03-2025T21:23:21 - [MESSAGE][PASSED] - Text 'MULTIE1' is set on object 'Object Repository/IBB Nasabah/Login/fld_corpId'

13-03-2025T21:23:21 - [TEST_STEP][PASSED] - setText(findTestObject("IBB Nasabah/Login/fld_userId"), userId): Text 'Admin1' is set on object 'Object Repository/IBB Nasabah/Login/fld_userId'

13-03-2025T21:23:21 - [MESSAGE][PASSED] - Text 'Admin1' is set on object 'Object Repository/IBB Nasabah/Login/fld_userId'

13-03-2025T21:23:21 - [TEST_STEP][PASSED] - setText(findTestObject("IBB Nasabah/Login/fld_password"), password): Text 'Johndev1!!' is set on object 'Object Repository/IBB Nasabah/Login/fld_password'

13-03-2025T21:23:22 - [MESSAGE][PASSED] - Text 'Johndev1!!' is set on object 'Object Repository/IBB Nasabah/Login/fld_password'

13-03-2025T21:23:22 - [TEST_STEP][PASSED] - click(findTestObject("IBB Nasabah/Login/btn_login")): Object: 'Object Repository/IBB Nasabah/Login/btn_login' is clicked on

13-03-2025T21:23:22 - [MESSAGE][PASSED] - Object: 'Object Repository/IBB Nasabah/Login/btn_login' is clicked on

13-03-2025T21:23:22 - [TEST_STEP][PASSED] - callTestCase(findTestCase("Nasabah/Logout/Logout"), [:], STOP_ON_FAILURE): Call Test Case 'Test Cases/Nasabah/Logout/Logout' successfully

13-03-2025T21:23:22 - [TEST_CASE][PASSED] - Test Cases/Nasabah/Logout/Logout: Test Cases/Nasabah/Logout/Logout

13-03-2025T21:23:22 - [TEST_STEP][PASSED] - mouseOver(findTestObject("IBB Nasabah/Payroll/Logout/icn_profile")): Object: 'Object Repository/IBB Nasabah/Payroll/Logout/icn_profile' is hovered

13-03-2025T21:23:24 - [MESSAGE][PASSED] - Object: 'Object Repository/IBB Nasabah/Payroll/Logout/icn_profile' is hovered

13-03-2025T21:23:24 - [TEST_STEP][PASSED] - delay(1): Delayed 1 second(s)

13-03-2025T21:23:25 - [MESSAGE][PASSED] - Delayed 1 second(s)

13-03-2025T21:23:25 - [TEST_STEP][PASSED] - waitForElementClickable(findTestObject("IBB Nasabah/Payroll/Logout/btn_logout"), 15): Object 'Object Repository/IBB Nasabah/Payroll/Logout/btn_logout' is clickable

13-03-2025T21:23:25 - [MESSAGE][PASSED] - Object 'Object Repository/IBB Nasabah/Payroll/Logout/btn_logout' is clickable

13-03-2025T21:23:25 - [TEST_STEP][PASSED] - click(findTestObject("IBB Nasabah/Payroll/Logout/btn_logout")): Object: 'Object Repository/IBB Nasabah/Payroll/Logout/btn_logout' is clicked on

13-03-2025T21:23:25 - [MESSAGE][PASSED] - Object: 'Object Repository/IBB Nasabah/Payroll/Logout/btn_logout' is clicked on

13-03-2025T21:23:25 - [TEST_STEP][PASSED] - click(findTestObject("IBB Nasabah/Payroll/Logout/btn_yes")): Object: 'Object Repository/IBB Nasabah/Payroll/Logout/btn_yes' is clicked on

13-03-2025T21:23:26 - [MESSAGE][PASSED] - Object: 'Object Repository/IBB Nasabah/Payroll/Logout/btn_yes' is clicked on

13-03-2025T21:23:26 - [MESSAGE][PASSED] - Call Test Case 'Test Cases/Nasabah/Logout/Logout' successfully]]></system-out>
         <system-err><![CDATA[]]></system-err>
      </testcase>
      <testcase name="Test Cases/Nasabah/Login/Login" time="9.813" classname="Test Cases/Nasabah/Login/Login" status="PASSED">
         <properties>
            <property name="data_binding"><![CDATA[{"(Default) corpI...":"MULTIE1","(Default) passw...":"Johndev1!!","(Default) userI...":"Admin1","(Default) url":"https://balebisnis.btn.co.id/login"}]]></property>
         </properties>
         <system-out><![CDATA[13-03-2025T21:23:26 - [TEST_CASE][PASSED] - Test Cases/Nasabah/Login/Login: Test Cases/Nasabah/Login/Login

13-03-2025T21:23:26 - [TEST_STEP][PASSED] - openBrowser(""): Browser is opened with url: ''

13-03-2025T21:23:26 - [MESSAGE][WARNING] - A browser is already opened. Closing browser and opening a new one

13-03-2025T21:23:26 - [MESSAGE][INFO] - Starting 'Chrome' driver

13-03-2025T21:23:26 - [MESSAGE][INFO] - Action delay is set to 0 milliseconds

13-03-2025T21:23:27 - [MESSAGE][PASSED] - Browser is opened with url: ''

13-03-2025T21:23:27 - [TEST_STEP][PASSED] - navigateToUrl(url): Navigate to 'https://balebisnis.btn.co.id/login' successfully

13-03-2025T21:23:29 - [MESSAGE][PASSED] - Navigate to 'https://balebisnis.btn.co.id/login' successfully

13-03-2025T21:23:29 - [TEST_STEP][PASSED] - maximizeWindow(): Current window maximized

13-03-2025T21:23:30 - [MESSAGE][PASSED] - Current window maximized

13-03-2025T21:23:30 - [TEST_STEP][PASSED] - setText(findTestObject("IBB Nasabah/Login/fld_corpId"), corpId): Text 'MULTIE1' is set on object 'Object Repository/IBB Nasabah/Login/fld_corpId'

13-03-2025T21:23:30 - [MESSAGE][PASSED] - Text 'MULTIE1' is set on object 'Object Repository/IBB Nasabah/Login/fld_corpId'

13-03-2025T21:23:30 - [TEST_STEP][PASSED] - setText(findTestObject("IBB Nasabah/Login/fld_userId"), userId): Text 'Admin1' is set on object 'Object Repository/IBB Nasabah/Login/fld_userId'

13-03-2025T21:23:31 - [MESSAGE][PASSED] - Text 'Admin1' is set on object 'Object Repository/IBB Nasabah/Login/fld_userId'

13-03-2025T21:23:31 - [TEST_STEP][PASSED] - setText(findTestObject("IBB Nasabah/Login/fld_password"), password): Text 'Johndev1!!' is set on object 'Object Repository/IBB Nasabah/Login/fld_password'

13-03-2025T21:23:31 - [MESSAGE][PASSED] - Text 'Johndev1!!' is set on object 'Object Repository/IBB Nasabah/Login/fld_password'

13-03-2025T21:23:31 - [TEST_STEP][PASSED] - click(findTestObject("IBB Nasabah/Login/btn_login")): Object: 'Object Repository/IBB Nasabah/Login/btn_login' is clicked on

13-03-2025T21:23:32 - [MESSAGE][PASSED] - Object: 'Object Repository/IBB Nasabah/Login/btn_login' is clicked on

13-03-2025T21:23:32 - [TEST_STEP][PASSED] - callTestCase(findTestCase("Nasabah/Logout/Logout"), [:], STOP_ON_FAILURE): Call Test Case 'Test Cases/Nasabah/Logout/Logout' successfully

13-03-2025T21:23:32 - [TEST_CASE][PASSED] - Test Cases/Nasabah/Logout/Logout: Test Cases/Nasabah/Logout/Logout

13-03-2025T21:23:32 - [TEST_STEP][PASSED] - mouseOver(findTestObject("IBB Nasabah/Payroll/Logout/icn_profile")): Object: 'Object Repository/IBB Nasabah/Payroll/Logout/icn_profile' is hovered

13-03-2025T21:23:34 - [MESSAGE][PASSED] - Object: 'Object Repository/IBB Nasabah/Payroll/Logout/icn_profile' is hovered

13-03-2025T21:23:34 - [TEST_STEP][PASSED] - delay(1): Delayed 1 second(s)

13-03-2025T21:23:35 - [MESSAGE][PASSED] - Delayed 1 second(s)

13-03-2025T21:23:35 - [TEST_STEP][PASSED] - waitForElementClickable(findTestObject("IBB Nasabah/Payroll/Logout/btn_logout"), 15): Object 'Object Repository/IBB Nasabah/Payroll/Logout/btn_logout' is clickable

13-03-2025T21:23:35 - [MESSAGE][PASSED] - Object 'Object Repository/IBB Nasabah/Payroll/Logout/btn_logout' is clickable

13-03-2025T21:23:35 - [TEST_STEP][PASSED] - click(findTestObject("IBB Nasabah/Payroll/Logout/btn_logout")): Object: 'Object Repository/IBB Nasabah/Payroll/Logout/btn_logout' is clicked on

13-03-2025T21:23:35 - [MESSAGE][PASSED] - Object: 'Object Repository/IBB Nasabah/Payroll/Logout/btn_logout' is clicked on

13-03-2025T21:23:35 - [TEST_STEP][PASSED] - click(findTestObject("IBB Nasabah/Payroll/Logout/btn_yes")): Object: 'Object Repository/IBB Nasabah/Payroll/Logout/btn_yes' is clicked on

13-03-2025T21:23:36 - [MESSAGE][PASSED] - Object: 'Object Repository/IBB Nasabah/Payroll/Logout/btn_yes' is clicked on

13-03-2025T21:23:36 - [MESSAGE][PASSED] - Call Test Case 'Test Cases/Nasabah/Logout/Logout' successfully]]></system-out>
         <system-err><![CDATA[]]></system-err>
      </testcase>
      <system-out><![CDATA[13-03-2025T21:19:28 - [TEST_SUITE][PASSED] - New Test Suite (01): Test Cases/Nasabah/Login/Login]]></system-out>
      <system-err><![CDATA[]]></system-err>
   </testsuite>
</testsuites>
